#
# There is insufficient memory for the Java Runtime Environment to continue.
# Native memory allocation (mmap) failed to map 159383552 bytes for committing reserved memory.
# Possible reasons:
#   The system is out of physical RAM or swap space
#   In 32 bit mode, the process size limit was hit
# Possible solutions:
#   Reduce memory load on the system
#   Increase physical memory or swap space
#   Check if swap backing store is full
#   Use 64 bit Java on a 64 bit OS
#   Decrease Java heap size (-Xmx/-Xms)
#   Decrease number of Java threads
#   Decrease Java thread stack sizes (-Xss)
#   Set larger code cache with -XX:ReservedCodeCacheSize=
# This output file may be truncated or incomplete.
#
#  Out of Memory Error (os_linux.cpp:2627), pid=31440, tid=139988854368000
#
# JRE version: Java(TM) SE Runtime Environment (8.0_74-b02) (build 1.8.0_74-b02)
# Java VM: Java HotSpot(TM) 64-Bit Server VM (25.74-b02 mixed mode linux-amd64 compressed oops)
# Failed to write core dump. Core dumps have been disabled. To enable core dumping, try "ulimit -c unlimited" before starting Java again
#

---------------  T H R E A D  ---------------

Current thread (0x00007f51c8080800):  VMThread [stack: 0x00007f51b1dfe000,0x00007f51b1eff000] [id=31460]

Stack: [0x00007f51b1dfe000,0x00007f51b1eff000],  sp=0x00007f51b1efd3a0,  free space=1020k
Native frames: (J=compiled Java code, j=interpreted, Vv=VM code, C=native code)
V  [libjvm.so+0xaba7ea]  VMError::report_and_die()+0x2ba
V  [libjvm.so+0x4f9e3b]  report_vm_out_of_memory(char const*, int, unsigned long, VMErrorType, char const*)+0x8b
V  [libjvm.so+0x91b613]  os::Linux::commit_memory_impl(char*, unsigned long, bool)+0x103
V  [libjvm.so+0x91bb69]  os::pd_commit_memory(char*, unsigned long, unsigned long, bool)+0x29
V  [libjvm.so+0x915e6a]  os::commit_memory(char*, unsigned long, unsigned long, bool)+0x2a
V  [libjvm.so+0x989543]  PSVirtualSpace::expand_by(unsigned long)+0x53
V  [libjvm.so+0x979e30]  PSOldGen::expand(unsigned long)+0x170
V  [libjvm.so+0x97a03b]  PSOldGen::resize(unsigned long)+0x1cb
V  [libjvm.so+0x981d11]  PSParallelCompact::invoke_no_policy(bool)+0x991
V  [libjvm.so+0x98766d]  PSScavenge::invoke()+0x1ad
V  [libjvm.so+0x93f300]  ParallelScavengeHeap::failed_mem_allocate(unsigned long)+0x70
V  [libjvm.so+0xabc207]  VM_ParallelGCFailedAllocation::doit()+0x97
V  [libjvm.so+0xac3c35]  VM_Operation::evaluate()+0x55
V  [libjvm.so+0xac200a]  VMThread::evaluate_operation(VM_Operation*)+0xba
V  [libjvm.so+0xac238e]  VMThread::loop()+0x1ce
V  [libjvm.so+0xac2800]  VMThread::run()+0x70
V  [libjvm.so+0x91d9d8]  java_start(Thread*)+0x108

VM_Operation (0x00007f51b0c31ea0): ParallelGCFailedAllocation, mode: safepoint, requested by thread 0x00007f51c81d2000


---------------  P R O C E S S  ---------------

Java Threads: ( => current thread )
  0x00007f51c81d9000 JavaThread "pool-2-thread-4" [_thread_blocked, id=31485, stack(0x00007f51b072f000,0x00007f51b0830000)]
  0x00007f51c81d7800 JavaThread "pool-2-thread-3" [_thread_blocked, id=31484, stack(0x00007f51b0830000,0x00007f51b0931000)]
  0x00007f51c81d5800 JavaThread "pool-2-thread-2" [_thread_blocked, id=31483, stack(0x00007f51b0931000,0x00007f51b0a32000)]
  0x00007f51c81d4800 JavaThread "pool-3-thread-1" [_thread_blocked, id=31482, stack(0x00007f51b0a32000,0x00007f51b0b33000)]
  0x00007f51c81d2000 JavaThread "pool-2-thread-1" [_thread_blocked, id=31481, stack(0x00007f51b0b33000,0x00007f51b0c34000)]
  0x00007f51c80cb800 JavaThread "Service Thread" daemon [_thread_blocked, id=31473, stack(0x00007f51b0de2000,0x00007f51b0ee3000)]
  0x00007f51c80c8800 JavaThread "C1 CompilerThread3" daemon [_thread_blocked, id=31472, stack(0x00007f51b0ee3000,0x00007f51b0fe4000)]
  0x00007f51c80c6800 JavaThread "C2 CompilerThread2" daemon [_thread_blocked, id=31471, stack(0x00007f51b0fe4000,0x00007f51b10e5000)]
  0x00007f51c80c4800 JavaThread "C2 CompilerThread1" daemon [_thread_blocked, id=31470, stack(0x00007f51b10e5000,0x00007f51b11e6000)]
  0x00007f51c80c1800 JavaThread "C2 CompilerThread0" daemon [_thread_blocked, id=31469, stack(0x00007f51b11e6000,0x00007f51b12e7000)]
  0x00007f51c80c0000 JavaThread "Signal Dispatcher" daemon [_thread_blocked, id=31468, stack(0x00007f51b12e7000,0x00007f51b13e8000)]
  0x00007f51c808d000 JavaThread "Finalizer" daemon [_thread_blocked, id=31462, stack(0x00007f51b1bfc000,0x00007f51b1cfd000)]
  0x00007f51c8088800 JavaThread "Reference Handler" daemon [_thread_blocked, id=31461, stack(0x00007f51b1cfd000,0x00007f51b1dfe000)]
  0x00007f51c800a000 JavaThread "main" [_thread_blocked, id=31444, stack(0x00007f51d15c8000,0x00007f51d16c9000)]

Other Threads:
=>0x00007f51c8080800 VMThread [stack: 0x00007f51b1dfe000,0x00007f51b1eff000] [id=31460]
  0x00007f51c80ce800 WatcherThread [stack: 0x00007f51b0ce1000,0x00007f51b0de2000] [id=31474]

VM state:at safepoint (normal execution)

VM Mutex/Monitor currently owned by a thread:  ([mutex/lock_event])
[0x00007f51c8005ea0] ExpandHeap_lock - owner thread: 0x00007f51c8080800
[0x00007f51c8006520] Threads_lock - owner thread: 0x00007f51c8080800
[0x00007f51c8006a20] Heap_lock - owner thread: 0x00007f51c81d2000

Heap:
 PSYoungGen      total 243200K, used 0K [0x00000000eab00000, 0x00000000ff680000, 0x0000000100000000)
  eden space 150528K, 0% used [0x00000000eab00000,0x00000000eab00000,0x00000000f3e00000)
  from space 92672K, 0% used [0x00000000f3e00000,0x00000000f3e00000,0x00000000f9880000)
  to   space 89088K, 0% used [0x00000000f9f80000,0x00000000f9f80000,0x00000000ff680000)
 ParOldGen       total 280064K, used 273689K [0x00000000c0000000, 0x00000000d1180000, 0x00000000eab00000)
  object space 280064K, 97% used [0x00000000c0000000,0x00000000d0b465a8,0x00000000d1180000)
 Metaspace       used 6594K, capacity 7320K, committed 7680K, reserved 1056768K
  class space    used 617K, capacity 656K, committed 768K, reserved 1048576K

Card table byte_map: [0x00007f51ce185000,0x00007f51ce386000] byte_map_base: 0x00007f51cdb85000

Marking Bits: (ParMarkBitMap*) 0x00007f51d0a9d260
 Begin Bits: [0x00007f51b2000000, 0x00007f51b3000000)
 End Bits:   [0x00007f51b3000000, 0x00007f51b4000000)

Polling page: 0x00007f51d16ea000

CodeCache: size=245760Kb used=9311Kb max_used=11424Kb free=236448Kb
 bounds [0x00007f51b9000000, 0x00007f51b9b50000, 0x00007f51c8000000]
 total_blobs=2372 nmethods=2100 adapters=185
 compilation: enabled

Compilation events (10 events):
Event: 26,348 Thread 0x00007f51c80c8800 2764       2       com.android.dx.cf.code.Ropper$CatchInfo::<init> (6 bytes)
Event: 26,348 Thread 0x00007f51c80c8800 nmethod 2764 0x00007f51b9697010 code [0x00007f51b9697180, 0x00007f51b9697350]
Event: 26,348 Thread 0x00007f51c80c8800 2765       2       com.android.dx.cf.code.Ropper$CatchInfo::<init> (21 bytes)
Event: 26,348 Thread 0x00007f51c80c8800 nmethod 2765 0x00007f51b9132cd0 code [0x00007f51b9132e40, 0x00007f51b9133010]
Event: 26,367 Thread 0x00007f51c80c4800 nmethod 2426 0x00007f51b94f95d0 code [0x00007f51b94f98e0, 0x00007f51b94fbb08]
Event: 26,367 Thread 0x00007f51c80c4800 2763       4       com.android.dx.ssa.back.SsaToRop::removePhiFunctions (83 bytes)
Event: 26,407 Thread 0x00007f51c80c8800 2768       2       com.android.dx.cf.code.Ropper$ExceptionSetupLabelAllocator::getNextLabel (31 bytes)
Event: 26,408 Thread 0x00007f51c80c8800 nmethod 2768 0x00007f51b9147290 code [0x00007f51b9147400, 0x00007f51b9147608]
Event: 26,413 Thread 0x00007f51c80c4800 nmethod 2763 0x00007f51b94b5d50 code [0x00007f51b94b5f60, 0x00007f51b94b6b98]
Event: 26,413 Thread 0x00007f51c80c4800 2683       4       com.android.dx.ssa.SsaConverter::placePhiFunctions (394 bytes)

GC Heap History (10 events):
Event: 23,312 GC heap after
Heap after GC invocations=10 (full 1):
 PSYoungGen      total 208384K, used 28139K [0x00000000eab00000, 0x0000000100000000, 0x0000000100000000)
  eden space 147456K, 0% used [0x00000000eab00000,0x00000000eab00000,0x00000000f3b00000)
  from space 60928K, 46% used [0x00000000f3b00000,0x00000000f567af28,0x00000000f7680000)
  to   space 102912K, 0% used [0x00000000f9b80000,0x00000000f9b80000,0x0000000100000000)
 ParOldGen       total 280064K, used 160994K [0x00000000c0000000, 0x00000000d1180000, 0x00000000eab00000)
  object space 280064K, 57% used [0x00000000c0000000,0x00000000c9d38840,0x00000000d1180000)
 Metaspace       used 6561K, capacity 7256K, committed 7424K, reserved 1056768K
  class space    used 616K, capacity 656K, committed 768K, reserved 1048576K
}
Event: 24,079 GC heap before
{Heap before GC invocations=11 (full 1):
 PSYoungGen      total 208384K, used 175595K [0x00000000eab00000, 0x0000000100000000, 0x0000000100000000)
  eden space 147456K, 100% used [0x00000000eab00000,0x00000000f3b00000,0x00000000f3b00000)
  from space 60928K, 46% used [0x00000000f3b00000,0x00000000f567af28,0x00000000f7680000)
  to   space 102912K, 0% used [0x00000000f9b80000,0x00000000f9b80000,0x0000000100000000)
 ParOldGen       total 280064K, used 160994K [0x00000000c0000000, 0x00000000d1180000, 0x00000000eab00000)
  object space 280064K, 57% used [0x00000000c0000000,0x00000000c9d38840,0x00000000d1180000)
 Metaspace       used 6567K, capacity 7320K, committed 7680K, reserved 1056768K
  class space    used 617K, capacity 656K, committed 768K, reserved 1048576K
Event: 24,234 GC heap after
Heap after GC invocations=11 (full 1):
 PSYoungGen      total 250880K, used 33664K [0x00000000eab00000, 0x0000000100000000, 0x0000000100000000)
  eden space 147968K, 0% used [0x00000000eab00000,0x00000000eab00000,0x00000000f3b80000)
  from space 102912K, 32% used [0x00000000f9b80000,0x00000000fbc60000,0x0000000100000000)
  to   space 98304K, 0% used [0x00000000f3b80000,0x00000000f3b80000,0x00000000f9b80000)
 ParOldGen       total 280064K, used 178519K [0x00000000c0000000, 0x00000000d1180000, 0x00000000eab00000)
  object space 280064K, 63% used [0x00000000c0000000,0x00000000cae55dd0,0x00000000d1180000)
 Metaspace       used 6567K, capacity 7320K, committed 7680K, reserved 1056768K
  class space    used 617K, capacity 656K, committed 768K, reserved 1048576K
}
Event: 24,826 GC heap before
{Heap before GC invocations=12 (full 1):
 PSYoungGen      total 250880K, used 181632K [0x00000000eab00000, 0x0000000100000000, 0x0000000100000000)
  eden space 147968K, 100% used [0x00000000eab00000,0x00000000f3b80000,0x00000000f3b80000)
  from space 102912K, 32% used [0x00000000f9b80000,0x00000000fbc60000,0x0000000100000000)
  to   space 98304K, 0% used [0x00000000f3b80000,0x00000000f3b80000,0x00000000f9b80000)
 ParOldGen       total 280064K, used 178519K [0x00000000c0000000, 0x00000000d1180000, 0x00000000eab00000)
  object space 280064K, 63% used [0x00000000c0000000,0x00000000cae55dd0,0x00000000d1180000)
 Metaspace       used 6577K, capacity 7320K, committed 7680K, reserved 1056768K
  class space    used 617K, capacity 656K, committed 768K, reserved 1048576K
Event: 24,977 GC heap after
Heap after GC invocations=12 (full 1):
 PSYoungGen      total 171520K, used 23140K [0x00000000eab00000, 0x00000000ff580000, 0x0000000100000000)
  eden space 147968K, 0% used [0x00000000eab00000,0x00000000eab00000,0x00000000f3b80000)
  from space 23552K, 98% used [0x00000000f3b80000,0x00000000f5219140,0x00000000f5280000)
  to   space 95232K, 0% used [0x00000000f9880000,0x00000000f9880000,0x00000000ff580000)
 ParOldGen       total 280064K, used 211302K [0x00000000c0000000, 0x00000000d1180000, 0x00000000eab00000)
  object space 280064K, 75% used [0x00000000c0000000,0x00000000cce59850,0x00000000d1180000)
 Metaspace       used 6577K, capacity 7320K, committed 7680K, reserved 1056768K
  class space    used 617K, capacity 656K, committed 768K, reserved 1048576K
}
Event: 25,676 GC heap before
{Heap before GC invocations=13 (full 1):
 PSYoungGen      total 171520K, used 171108K [0x00000000eab00000, 0x00000000ff580000, 0x0000000100000000)
  eden space 147968K, 100% used [0x00000000eab00000,0x00000000f3b80000,0x00000000f3b80000)
  from space 23552K, 98% used [0x00000000f3b80000,0x00000000f5219140,0x00000000f5280000)
  to   space 95232K, 0% used [0x00000000f9880000,0x00000000f9880000,0x00000000ff580000)
 ParOldGen       total 280064K, used 211302K [0x00000000c0000000, 0x00000000d1180000, 0x00000000eab00000)
  object space 280064K, 75% used [0x00000000c0000000,0x00000000cce59850,0x00000000d1180000)
 Metaspace       used 6581K, capacity 7320K, committed 7680K, reserved 1056768K
  class space    used 617K, capacity 656K, committed 768K, reserved 1048576K
Event: 25,802 GC heap after
Heap after GC invocations=13 (full 1):
 PSYoungGen      total 245760K, used 22675K [0x00000000eab00000, 0x0000000100000000, 0x0000000100000000)
  eden space 150528K, 0% used [0x00000000eab00000,0x00000000eab00000,0x00000000f3e00000)
  from space 95232K, 23% used [0x00000000f9880000,0x00000000faea4df8,0x00000000ff580000)
  to   space 92672K, 0% used [0x00000000f3e00000,0x00000000f3e00000,0x00000000f9880000)
 ParOldGen       total 280064K, used 233473K [0x00000000c0000000, 0x00000000d1180000, 0x00000000eab00000)
  object space 280064K, 83% used [0x00000000c0000000,0x00000000ce4004e8,0x00000000d1180000)
 Metaspace       used 6581K, capacity 7320K, committed 7680K, reserved 1056768K
  class space    used 617K, capacity 656K, committed 768K, reserved 1048576K
}
Event: 26,439 GC heap before
{Heap before GC invocations=14 (full 1):
 PSYoungGen      total 245760K, used 173203K [0x00000000eab00000, 0x0000000100000000, 0x0000000100000000)
  eden space 150528K, 100% used [0x00000000eab00000,0x00000000f3e00000,0x00000000f3e00000)
  from space 95232K, 23% used [0x00000000f9880000,0x00000000faea4df8,0x00000000ff580000)
  to   space 92672K, 0% used [0x00000000f3e00000,0x00000000f3e00000,0x00000000f9880000)
 ParOldGen       total 280064K, used 233473K [0x00000000c0000000, 0x00000000d1180000, 0x00000000eab00000)
  object space 280064K, 83% used [0x00000000c0000000,0x00000000ce4004e8,0x00000000d1180000)
 Metaspace       used 6594K, capacity 7320K, committed 7680K, reserved 1056768K
  class space    used 617K, capacity 656K, committed 768K, reserved 1048576K
Event: 26,546 GC heap after
Heap after GC invocations=14 (full 1):
 PSYoungGen      total 243200K, used 23797K [0x00000000eab00000, 0x00000000ff680000, 0x0000000100000000)
  eden space 150528K, 0% used [0x00000000eab00000,0x00000000eab00000,0x00000000f3e00000)
  from space 92672K, 25% used [0x00000000f3e00000,0x00000000f553d408,0x00000000f9880000)
  to   space 89088K, 0% used [0x00000000f9f80000,0x00000000f9f80000,0x00000000ff680000)
 ParOldGen       total 280064K, used 254944K [0x00000000c0000000, 0x00000000d1180000, 0x00000000eab00000)
  object space 280064K, 91% used [0x00000000c0000000,0x00000000cf8f81e0,0x00000000d1180000)
 Metaspace       used 6594K, capacity 7320K, committed 7680K, reserved 1056768K
  class space    used 617K, capacity 656K, committed 768K, reserved 1048576K
}
Event: 26,547 GC heap before
{Heap before GC invocations=15 (full 2):
 PSYoungGen      total 243200K, used 23797K [0x00000000eab00000, 0x00000000ff680000, 0x0000000100000000)
  eden space 150528K, 0% used [0x00000000eab00000,0x00000000eab00000,0x00000000f3e00000)
  from space 92672K, 25% used [0x00000000f3e00000,0x00000000f553d408,0x00000000f9880000)
  to   space 89088K, 0% used [0x00000000f9f80000,0x00000000f9f80000,0x00000000ff680000)
 ParOldGen       total 280064K, used 254944K [0x00000000c0000000, 0x00000000d1180000, 0x00000000eab00000)
  object space 280064K, 91% used [0x00000000c0000000,0x00000000cf8f81e0,0x00000000d1180000)
 Metaspace       used 6594K, capacity 7320K, committed 7680K, reserved 1056768K
  class space    used 617K, capacity 656K, committed 768K, reserved 1048576K

Deoptimization events (10 events):
Event: 24,560 Thread 0x00007f51c81d9000 Uncommon trap: reason=class_check action=maybe_recompile pc=0x00007f51b9a5a14c method=com.android.dx.ssa.SCCP.simulateBranch(Lcom/android/dx/ssa/SsaInsn;)V @ 145
Event: 24,560 Thread 0x00007f51c81d9000 Uncommon trap: reason=class_check action=maybe_recompile pc=0x00007f51b9a5a14c method=com.android.dx.ssa.SCCP.simulateBranch(Lcom/android/dx/ssa/SsaInsn;)V @ 145
Event: 24,648 Thread 0x00007f51c81d7800 Uncommon trap: reason=unstable_if action=reinterpret pc=0x00007f51b9af5ccc method=com.android.dx.ssa.SsaMethod.blockIndexToRopLabel(I)I @ 1
Event: 24,720 Thread 0x00007f51c81d7800 Uncommon trap: reason=unstable_if action=reinterpret pc=0x00007f51b9a11afc method=com.android.dx.ssa.SCCP.run()V @ 179
Event: 24,822 Thread 0x00007f51c81d9000 Uncommon trap: reason=unstable_if action=reinterpret pc=0x00007f51b9b07fc8 method=com.android.dx.ssa.InterferenceRegisterMapper.addMapping(III)V @ 15
Event: 25,567 Thread 0x00007f51c81d2000 Uncommon trap: reason=unstable_if action=reinterpret pc=0x00007f51b9b33a50 method=com.android.dx.dex.code.RopTranslator.outputBlock(Lcom/android/dx/rop/code/BasicBlock;I)V @ 140
Event: 26,218 Thread 0x00007f51c81d5800 Uncommon trap: reason=bimorphic action=maybe_recompile pc=0x00007f51b9240850 method=com.android.dx.cf.code.Merger.mergeType(Lcom/android/dx/rop/type/TypeBearer;Lcom/android/dx/rop/type/TypeBearer;)Lcom/android/dx/rop/type/TypeBearer; @ 21
Event: 26,219 Thread 0x00007f51c81d5800 Uncommon trap: reason=bimorphic action=maybe_recompile pc=0x00007f51b9240850 method=com.android.dx.cf.code.Merger.mergeType(Lcom/android/dx/rop/type/TypeBearer;Lcom/android/dx/rop/type/TypeBearer;)Lcom/android/dx/rop/type/TypeBearer; @ 21
Event: 26,219 Thread 0x00007f51c81d5800 Uncommon trap: reason=bimorphic action=maybe_recompile pc=0x00007f51b9240850 method=com.android.dx.cf.code.Merger.mergeType(Lcom/android/dx/rop/type/TypeBearer;Lcom/android/dx/rop/type/TypeBearer;)Lcom/android/dx/rop/type/TypeBearer; @ 21
Event: 26,219 Thread 0x00007f51c81d5800 Uncommon trap: reason=bimorphic action=maybe_recompile pc=0x00007f51b9240850 method=com.android.dx.cf.code.Merger.mergeType(Lcom/android/dx/rop/type/TypeBearer;Lcom/android/dx/rop/type/TypeBearer;)Lcom/android/dx/rop/type/TypeBearer; @ 21

Internal exceptions (8 events):
Event: 0,039 Thread 0x00007f51c800a000 Exception <a 'java/lang/NoSuchMethodError': Method sun.misc.Unsafe.defineClass(Ljava/lang/String;[BII)Ljava/lang/Class; name or signature does not match> (0x00000000eab07cc0) thrown at [/HUDSON3/workspace/8-2-build-linux-amd64/jdk8u74/6087/hotspot/src/sha
Event: 0,039 Thread 0x00007f51c800a000 Exception <a 'java/lang/NoSuchMethodError': Method sun.misc.Unsafe.prefetchRead(Ljava/lang/Object;J)V name or signature does not match> (0x00000000eab07fa8) thrown at [/HUDSON3/workspace/8-2-build-linux-amd64/jdk8u74/6087/hotspot/src/share/vm/prims/jni.cp
Event: 1,636 Thread 0x00007f51c81d9000 Implicit null exception at 0x00007f51b9305ac7 to 0x00007f51b9308ad5
Event: 1,884 Thread 0x00007f51c800a000 Implicit null exception at 0x00007f51b938cc26 to 0x00007f51b938f811
Event: 2,392 Thread 0x00007f51c81d5800 Implicit null exception at 0x00007f51b93d80b3 to 0x00007f51b93d8241
Event: 4,667 Thread 0x00007f51c81d2000 Exception <a 'java/lang/ArrayIndexOutOfBoundsException': 18> (0x00000000f09d9768) thrown at [/HUDSON3/workspace/8-2-build-linux-amd64/jdk8u74/6087/hotspot/src/share/vm/interpreter/interpreterRuntime.cpp, line 366]
Event: 4,669 Thread 0x00007f51c81d2000 Exception <a 'java/lang/ArrayIndexOutOfBoundsException': 145> (0x00000000f09db2e8) thrown at [/HUDSON3/workspace/8-2-build-linux-amd64/jdk8u74/6087/hotspot/src/share/vm/interpreter/interpreterRuntime.cpp, line 366]
Event: 4,674 Thread 0x00007f51c81d2000 Exception <a 'java/lang/ArrayIndexOutOfBoundsException': 40> (0x00000000f09dc5d0) thrown at [/HUDSON3/workspace/8-2-build-linux-amd64/jdk8u74/6087/hotspot/src/share/vm/interpreter/interpreterRuntime.cpp, line 366]

Events (10 events):
Event: 26,346 Thread 0x00007f51c81d9000 DEOPT UNPACKING pc=0x00007f51b9047633 sp=0x00007f51b082dc50 mode 0
Event: 26,403 Thread 0x00007f51c81d9000 DEOPT PACKING pc=0x00007f51b948faa9 sp=0x00007f51b082dd50
Event: 26,403 Thread 0x00007f51c81d9000 DEOPT UNPACKING pc=0x00007f51b9047633 sp=0x00007f51b082dba0 mode 0
Event: 26,419 Thread 0x00007f51c81d7800 DEOPT PACKING pc=0x00007f51b9326ea0 sp=0x00007f51b092ed30
Event: 26,420 Thread 0x00007f51c81d7800 DEOPT UNPACKING pc=0x00007f51b9047633 sp=0x00007f51b092eb30 mode 0
Event: 26,426 Thread 0x00007f51c81d7800 DEOPT PACKING pc=0x00007f51b948faa9 sp=0x00007f51b092edd0
Event: 26,426 Thread 0x00007f51c81d7800 DEOPT UNPACKING pc=0x00007f51b9047633 sp=0x00007f51b092ec20 mode 0
Event: 26,429 Thread 0x00007f51c81d5800 DEOPT PACKING pc=0x00007f51b93d40ec sp=0x00007f51b0a2ff00
Event: 26,429 Thread 0x00007f51c81d5800 DEOPT UNPACKING pc=0x00007f51b9047633 sp=0x00007f51b0a2fc00 mode 0
Event: 26,438 Executing VM operation: ParallelGCFailedAllocation


Dynamic libraries:
00400000-00401000 r-xp 00000000 08:11 1197510                            /usr/lib/jvm/java-8-oracle/bin/java
00600000-00601000 rw-p 00000000 08:11 1197510                            /usr/lib/jvm/java-8-oracle/bin/java
010e9000-0110a000 rw-p 00000000 00:00 0                                  [heap]
c0000000-d1180000 rw-p 00000000 00:00 0 
da980000-eab00000 ---p 00000000 00:00 0 
eab00000-ff680000 rw-p 00000000 00:00 0 
ff680000-100000000 ---p 00000000 00:00 0 
100000000-1000c0000 rw-p 00000000 00:00 0 
1000c0000-140000000 ---p 00000000 00:00 0 
7f5154000000-7f5154064000 rw-p 00000000 00:00 0 
7f5154064000-7f5158000000 ---p 00000000 00:00 0 
7f5158000000-7f515802c000 rw-p 00000000 00:00 0 
7f515802c000-7f515c000000 ---p 00000000 00:00 0 
7f515c000000-7f515c021000 rw-p 00000000 00:00 0 
7f515c021000-7f5160000000 ---p 00000000 00:00 0 
7f5160000000-7f5160029000 rw-p 00000000 00:00 0 
7f5160029000-7f5164000000 ---p 00000000 00:00 0 
7f5164000000-7f5164021000 rw-p 00000000 00:00 0 
7f5164021000-7f5168000000 ---p 00000000 00:00 0 
7f5168000000-7f516804a000 rw-p 00000000 00:00 0 
7f516804a000-7f516c000000 ---p 00000000 00:00 0 
7f516c000000-7f516d1f7000 rw-p 00000000 00:00 0 
7f516d1f7000-7f5170000000 ---p 00000000 00:00 0 
7f5170000000-7f5170d08000 rw-p 00000000 00:00 0 
7f5170d08000-7f5174000000 ---p 00000000 00:00 0 
7f5174000000-7f5175042000 rw-p 00000000 00:00 0 
7f5175042000-7f5178000000 ---p 00000000 00:00 0 
7f5178000000-7f517951b000 rw-p 00000000 00:00 0 
7f517951b000-7f517c000000 ---p 00000000 00:00 0 
7f517c000000-7f517c021000 rw-p 00000000 00:00 0 
7f517c021000-7f5180000000 ---p 00000000 00:00 0 
7f5180000000-7f5180021000 rw-p 00000000 00:00 0 
7f5180021000-7f5184000000 ---p 00000000 00:00 0 
7f5184000000-7f5184297000 rw-p 00000000 00:00 0 
7f5184297000-7f5188000000 ---p 00000000 00:00 0 
7f5188000000-7f5188021000 rw-p 00000000 00:00 0 
7f5188021000-7f518c000000 ---p 00000000 00:00 0 
7f518c000000-7f518c021000 rw-p 00000000 00:00 0 
7f518c021000-7f5190000000 ---p 00000000 00:00 0 
7f5194000000-7f5194021000 rw-p 00000000 00:00 0 
7f5194021000-7f5198000000 ---p 00000000 00:00 0 
7f5198000000-7f5198021000 rw-p 00000000 00:00 0 
7f5198021000-7f519c000000 ---p 00000000 00:00 0 
7f519c000000-7f519c021000 rw-p 00000000 00:00 0 
7f519c021000-7f51a0000000 ---p 00000000 00:00 0 
7f51a0000000-7f51a0021000 rw-p 00000000 00:00 0 
7f51a0021000-7f51a4000000 ---p 00000000 00:00 0 
7f51a4000000-7f51a4021000 rw-p 00000000 00:00 0 
7f51a4021000-7f51a8000000 ---p 00000000 00:00 0 
7f51a8000000-7f51a8021000 rw-p 00000000 00:00 0 
7f51a8021000-7f51ac000000 ---p 00000000 00:00 0 
7f51ac000000-7f51ac021000 rw-p 00000000 00:00 0 
7f51ac021000-7f51b0000000 ---p 00000000 00:00 0 
7f51b072f000-7f51b0732000 ---p 00000000 00:00 0 
7f51b0732000-7f51b0830000 rw-p 00000000 00:00 0                          [stack:31485]
7f51b0830000-7f51b0833000 ---p 00000000 00:00 0 
7f51b0833000-7f51b0931000 rw-p 00000000 00:00 0                          [stack:31484]
7f51b0931000-7f51b0934000 ---p 00000000 00:00 0 
7f51b0934000-7f51b0a32000 rw-p 00000000 00:00 0                          [stack:31483]
7f51b0a32000-7f51b0a35000 ---p 00000000 00:00 0 
7f51b0a35000-7f51b0b33000 rw-p 00000000 00:00 0                          [stack:31482]
7f51b0b33000-7f51b0b36000 ---p 00000000 00:00 0 
7f51b0b36000-7f51b0c34000 rw-p 00000000 00:00 0                          [stack:31481]
7f51b0c34000-7f51b0ce1000 r--s 00828000 08:11 929566                     /home/dima/AndroidStudioProjects/Wehere/app/build/intermediates/transforms/instantRunSlicer/debug/jars/1/1a/dependencies.jar
7f51b0ce1000-7f51b0ce2000 ---p 00000000 00:00 0 
7f51b0ce2000-7f51b0de2000 rw-p 00000000 00:00 0                          [stack:31474]
7f51b0de2000-7f51b0de5000 ---p 00000000 00:00 0 
7f51b0de5000-7f51b0ee3000 rw-p 00000000 00:00 0                          [stack:31473]
7f51b0ee3000-7f51b0ee6000 ---p 00000000 00:00 0 
7f51b0ee6000-7f51b0fe4000 rw-p 00000000 00:00 0                          [stack:31472]
7f51b0fe4000-7f51b0fe7000 ---p 00000000 00:00 0 
7f51b0fe7000-7f51b10e5000 rw-p 00000000 00:00 0                          [stack:31471]
7f51b10e5000-7f51b10e8000 ---p 00000000 00:00 0 
7f51b10e8000-7f51b11e6000 rw-p 00000000 00:00 0                          [stack:31470]
7f51b11e6000-7f51b11e9000 ---p 00000000 00:00 0 
7f51b11e9000-7f51b12e7000 rw-p 00000000 00:00 0                          [stack:31469]
7f51b12e7000-7f51b12ea000 ---p 00000000 00:00 0 
7f51b12ea000-7f51b13e8000 rw-p 00000000 00:00 0                          [stack:31468]
7f51b13e8000-7f51b1bfc000 r--p 00000000 08:11 1187634                    /usr/lib/locale/locale-archive
7f51b1bfc000-7f51b1bff000 ---p 00000000 00:00 0 
7f51b1bff000-7f51b1cfd000 rw-p 00000000 00:00 0                          [stack:31462]
7f51b1cfd000-7f51b1d00000 ---p 00000000 00:00 0 
7f51b1d00000-7f51b1dfe000 rw-p 00000000 00:00 0                          [stack:31461]
7f51b1dfe000-7f51b1dff000 ---p 00000000 00:00 0 
7f51b1dff000-7f51b4000000 rw-p 00000000 00:00 0                          [stack:31460]
7f51b4000000-7f51b4021000 rw-p 00000000 00:00 0 
7f51b4021000-7f51b8000000 ---p 00000000 00:00 0 
7f51b8050000-7f51b807f000 r--p 00000000 08:11 1974071                    /usr/share/locale-langpack/ru/LC_MESSAGES/libc.mo
7f51b807f000-7f51b808e000 r--s 000df000 08:11 3549361                    /home/dima/Android/Sdk/build-tools/23.0.2/lib/dx.jar
7f51b808e000-7f51b9000000 rw-p 00000000 00:00 0 
7f51b9000000-7f51b9b50000 rwxp 00000000 00:00 0 
7f51b9b50000-7f51c8000000 ---p 00000000 00:00 0 
7f51c8000000-7f51c83c8000 rw-p 00000000 00:00 0 
7f51c83c8000-7f51cc000000 ---p 00000000 00:00 0 
7f51cc008000-7f51ccbd9000 rw-p 00000000 00:00 0 
7f51ccbd9000-7f51ccdb1000 r--s 03d1d000 08:11 1197585                    /usr/lib/jvm/java-8-oracle/jre/lib/rt.jar
7f51ccdb1000-7f51cd4e7000 rw-p 00000000 00:00 0 
7f51cd4e7000-7f51cd627000 ---p 00000000 00:00 0 
7f51cd627000-7f51cd827000 rw-p 00000000 00:00 0 
7f51cd827000-7f51cd828000 ---p 00000000 00:00 0 
7f51cd828000-7f51cd928000 rw-p 00000000 00:00 0                          [stack:31457]
7f51cd928000-7f51cd929000 ---p 00000000 00:00 0 
7f51cd929000-7f51cda29000 rw-p 00000000 00:00 0                          [stack:31456]
7f51cda29000-7f51cda2a000 ---p 00000000 00:00 0 
7f51cda2a000-7f51cdb2a000 rw-p 00000000 00:00 0                          [stack:31455]
7f51cdb2a000-7f51cdb2b000 ---p 00000000 00:00 0 
7f51cdb2b000-7f51cdc2b000 rw-p 00000000 00:00 0                          [stack:31454]
7f51cdc2b000-7f51cdc2c000 ---p 00000000 00:00 0 
7f51cdc2c000-7f51cdd2c000 rw-p 00000000 00:00 0                          [stack:31453]
7f51cdd2c000-7f51cdd2d000 ---p 00000000 00:00 0 
7f51cdd2d000-7f51cde2d000 rw-p 00000000 00:00 0                          [stack:31452]
7f51cde2d000-7f51cde2e000 ---p 00000000 00:00 0 
7f51cde2e000-7f51cdf2e000 rw-p 00000000 00:00 0                          [stack:31451]
7f51cdf2e000-7f51cdf2f000 ---p 00000000 00:00 0 
7f51cdf2f000-7f51ce0b8000 rw-p 00000000 00:00 0                          [stack:31450]
7f51ce0b8000-7f51ce185000 ---p 00000000 00:00 0 
7f51ce185000-7f51ce20e000 rw-p 00000000 00:00 0 
7f51ce20e000-7f51ce2da000 ---p 00000000 00:00 0 
7f51ce2da000-7f51ce381000 rw-p 00000000 00:00 0 
7f51ce381000-7f51ce385000 ---p 00000000 00:00 0 
7f51ce385000-7f51ce3b4000 rw-p 00000000 00:00 0 
7f51ce3b4000-7f51ce746000 ---p 00000000 00:00 0 
7f51ce746000-7f51ce760000 r-xp 00000000 08:11 1197617                    /usr/lib/jvm/java-8-oracle/jre/lib/amd64/libzip.so
7f51ce760000-7f51ce960000 ---p 0001a000 08:11 1197617                    /usr/lib/jvm/java-8-oracle/jre/lib/amd64/libzip.so
7f51ce960000-7f51ce961000 rw-p 0001a000 08:11 1197617                    /usr/lib/jvm/java-8-oracle/jre/lib/amd64/libzip.so
7f51ce961000-7f51ce96d000 r-xp 00000000 08:11 4731752                    /lib/x86_64-linux-gnu/libnss_files-2.21.so
7f51ce96d000-7f51ceb6c000 ---p 0000c000 08:11 4731752                    /lib/x86_64-linux-gnu/libnss_files-2.21.so
7f51ceb6c000-7f51ceb6d000 r--p 0000b000 08:11 4731752                    /lib/x86_64-linux-gnu/libnss_files-2.21.so
7f51ceb6d000-7f51ceb6e000 rw-p 0000c000 08:11 4731752                    /lib/x86_64-linux-gnu/libnss_files-2.21.so
7f51ceb6e000-7f51ceb79000 r-xp 00000000 08:11 4734692                    /lib/x86_64-linux-gnu/libnss_nis-2.21.so
7f51ceb79000-7f51ced78000 ---p 0000b000 08:11 4734692                    /lib/x86_64-linux-gnu/libnss_nis-2.21.so
7f51ced78000-7f51ced79000 r--p 0000a000 08:11 4734692                    /lib/x86_64-linux-gnu/libnss_nis-2.21.so
7f51ced79000-7f51ced7a000 rw-p 0000b000 08:11 4734692                    /lib/x86_64-linux-gnu/libnss_nis-2.21.so
7f51ced7a000-7f51ced91000 r-xp 00000000 08:11 4734658                    /lib/x86_64-linux-gnu/libnsl-2.21.so
7f51ced91000-7f51cef90000 ---p 00017000 08:11 4734658                    /lib/x86_64-linux-gnu/libnsl-2.21.so
7f51cef90000-7f51cef91000 r--p 00016000 08:11 4734658                    /lib/x86_64-linux-gnu/libnsl-2.21.so
7f51cef91000-7f51cef92000 rw-p 00017000 08:11 4734658                    /lib/x86_64-linux-gnu/libnsl-2.21.so
7f51cef92000-7f51cef94000 rw-p 00000000 00:00 0 
7f51cef94000-7f51cef9c000 r-xp 00000000 08:11 4734629                    /lib/x86_64-linux-gnu/libnss_compat-2.21.so
7f51cef9c000-7f51cf19b000 ---p 00008000 08:11 4734629                    /lib/x86_64-linux-gnu/libnss_compat-2.21.so
7f51cf19b000-7f51cf19c000 r--p 00007000 08:11 4734629                    /lib/x86_64-linux-gnu/libnss_compat-2.21.so
7f51cf19c000-7f51cf19d000 rw-p 00008000 08:11 4734629                    /lib/x86_64-linux-gnu/libnss_compat-2.21.so
7f51cf19d000-7f51cf1c7000 r-xp 00000000 08:11 1197645                    /usr/lib/jvm/java-8-oracle/jre/lib/amd64/libjava.so
7f51cf1c7000-7f51cf3c7000 ---p 0002a000 08:11 1197645                    /usr/lib/jvm/java-8-oracle/jre/lib/amd64/libjava.so
7f51cf3c7000-7f51cf3c9000 rw-p 0002a000 08:11 1197645                    /usr/lib/jvm/java-8-oracle/jre/lib/amd64/libjava.so
7f51cf3c9000-7f51cf3d6000 r-xp 00000000 08:11 1197594                    /usr/lib/jvm/java-8-oracle/jre/lib/amd64/libverify.so
7f51cf3d6000-7f51cf5d6000 ---p 0000d000 08:11 1197594                    /usr/lib/jvm/java-8-oracle/jre/lib/amd64/libverify.so
7f51cf5d6000-7f51cf5d8000 rw-p 0000d000 08:11 1197594                    /usr/lib/jvm/java-8-oracle/jre/lib/amd64/libverify.so
7f51cf5d8000-7f51cf5df000 r-xp 00000000 08:11 4731743                    /lib/x86_64-linux-gnu/librt-2.21.so
7f51cf5df000-7f51cf7de000 ---p 00007000 08:11 4731743                    /lib/x86_64-linux-gnu/librt-2.21.so
7f51cf7de000-7f51cf7df000 r--p 00006000 08:11 4731743                    /lib/x86_64-linux-gnu/librt-2.21.so
7f51cf7df000-7f51cf7e0000 rw-p 00007000 08:11 4731743                    /lib/x86_64-linux-gnu/librt-2.21.so
7f51cf7e0000-7f51cf8e7000 r-xp 00000000 08:11 4734694                    /lib/x86_64-linux-gnu/libm-2.21.so
7f51cf8e7000-7f51cfae6000 ---p 00107000 08:11 4734694                    /lib/x86_64-linux-gnu/libm-2.21.so
7f51cfae6000-7f51cfae7000 r--p 00106000 08:11 4734694                    /lib/x86_64-linux-gnu/libm-2.21.so
7f51cfae7000-7f51cfae8000 rw-p 00107000 08:11 4734694                    /lib/x86_64-linux-gnu/libm-2.21.so
7f51cfae8000-7f51d07a7000 r-xp 00000000 08:11 1197649                    /usr/lib/jvm/java-8-oracle/jre/lib/amd64/server/libjvm.so
7f51d07a7000-7f51d09a6000 ---p 00cbf000 08:11 1197649                    /usr/lib/jvm/java-8-oracle/jre/lib/amd64/server/libjvm.so
7f51d09a6000-7f51d0a7f000 rw-p 00cbe000 08:11 1197649                    /usr/lib/jvm/java-8-oracle/jre/lib/amd64/server/libjvm.so
7f51d0a7f000-7f51d0ac8000 rw-p 00000000 00:00 0 
7f51d0ac8000-7f51d0c88000 r-xp 00000000 08:11 4734695                    /lib/x86_64-linux-gnu/libc-2.21.so
7f51d0c88000-7f51d0e88000 ---p 001c0000 08:11 4734695                    /lib/x86_64-linux-gnu/libc-2.21.so
7f51d0e88000-7f51d0e8c000 r--p 001c0000 08:11 4734695                    /lib/x86_64-linux-gnu/libc-2.21.so
7f51d0e8c000-7f51d0e8e000 rw-p 001c4000 08:11 4734695                    /lib/x86_64-linux-gnu/libc-2.21.so
7f51d0e8e000-7f51d0e92000 rw-p 00000000 00:00 0 
7f51d0e92000-7f51d0e95000 r-xp 00000000 08:11 4734691                    /lib/x86_64-linux-gnu/libdl-2.21.so
7f51d0e95000-7f51d1094000 ---p 00003000 08:11 4734691                    /lib/x86_64-linux-gnu/libdl-2.21.so
7f51d1094000-7f51d1095000 r--p 00002000 08:11 4734691                    /lib/x86_64-linux-gnu/libdl-2.21.so
7f51d1095000-7f51d1096000 rw-p 00003000 08:11 4734691                    /lib/x86_64-linux-gnu/libdl-2.21.so
7f51d1096000-7f51d10ab000 r-xp 00000000 08:11 1196432                    /usr/lib/jvm/java-8-oracle/lib/amd64/jli/libjli.so
7f51d10ab000-7f51d12ab000 ---p 00015000 08:11 1196432                    /usr/lib/jvm/java-8-oracle/lib/amd64/jli/libjli.so
7f51d12ab000-7f51d12ac000 rw-p 00015000 08:11 1196432                    /usr/lib/jvm/java-8-oracle/lib/amd64/jli/libjli.so
7f51d12ac000-7f51d12c4000 r-xp 00000000 08:11 4731751                    /lib/x86_64-linux-gnu/libpthread-2.21.so
7f51d12c4000-7f51d14c4000 ---p 00018000 08:11 4731751                    /lib/x86_64-linux-gnu/libpthread-2.21.so
7f51d14c4000-7f51d14c5000 r--p 00018000 08:11 4731751                    /lib/x86_64-linux-gnu/libpthread-2.21.so
7f51d14c5000-7f51d14c6000 rw-p 00019000 08:11 4731751                    /lib/x86_64-linux-gnu/libpthread-2.21.so
7f51d14c6000-7f51d14ca000 rw-p 00000000 00:00 0 
7f51d14ca000-7f51d14ee000 r-xp 00000000 08:11 4734689                    /lib/x86_64-linux-gnu/ld-2.21.so
7f51d14ee000-7f51d14ef000 rw-p 00000000 00:00 0 
7f51d14ef000-7f51d14f6000 r--s 00000000 08:11 1447276                    /usr/lib/x86_64-linux-gnu/gconv/gconv-modules.cache
7f51d14f6000-7f51d15c8000 rw-p 00000000 00:00 0 
7f51d15c8000-7f51d15cb000 ---p 00000000 00:00 0 
7f51d15cb000-7f51d16e1000 rw-p 00000000 00:00 0                          [stack:31444]
7f51d16e1000-7f51d16e9000 rw-s 00000000 08:11 4587941                    /tmp/hsperfdata_dima/31440
7f51d16e9000-7f51d16ea000 rw-p 00000000 00:00 0 
7f51d16ea000-7f51d16eb000 ---p 00000000 00:00 0 
7f51d16eb000-7f51d16ed000 rw-p 00000000 00:00 0 
7f51d16ed000-7f51d16ee000 r--p 00023000 08:11 4734689                    /lib/x86_64-linux-gnu/ld-2.21.so
7f51d16ee000-7f51d16ef000 rw-p 00024000 08:11 4734689                    /lib/x86_64-linux-gnu/ld-2.21.so
7f51d16ef000-7f51d16f0000 rw-p 00000000 00:00 0 
7ffc11e8d000-7ffc11eaf000 rw-p 00000000 00:00 0                          [stack]
7ffc11fb0000-7ffc11fb2000 r--p 00000000 00:00 0                          [vvar]
7ffc11fb2000-7ffc11fb4000 r-xp 00000000 00:00 0                          [vdso]
ffffffffff600000-ffffffffff601000 r-xp 00000000 00:00 0                  [vsyscall]

VM Arguments:
jvm_args: -Djava.awt.headless=true -Xmx1024M -Dfile.encoding=UTF-8 -Duser.country=RU -Duser.language=ru -Duser.variant 
java_command: com.android.dx.command.Main --dex --force-jumbo --num-threads=4 --multi-dex --output /home/dima/AndroidStudioProjects/Wehere/app/build/intermediates/transforms/dex/debug/folders/1000/1a/dependencies_29fab174dd2012758cdf381e90ca0cc9ee72039e /home/dima/AndroidStudioProjects/Wehere/app/build/intermediates/transforms/instantRunSlicer/debug/jars/1/1a/dependencies.jar
java_class_path (initial): /home/dima/Android/Sdk/build-tools/23.0.2/lib/dx.jar
Launcher Type: SUN_STANDARD

Environment Variables:
JAVA_HOME=/usr/lib/jvm/java-8-oracle
PATH=/usr/local/sbin:/usr/local/bin:/usr/sbin:/usr/bin:/sbin:/bin:/usr/games:/usr/local/games:/usr/lib/jvm/java-8-oracle/bin:/usr/lib/jvm/java-8-oracle/db/bin:/usr/lib/jvm/java-8-oracle/jre/bin
LD_LIBRARY_PATH=/home/dima/Видео/android-studio/bin:
SHELL=/bin/bash
DISPLAY=:0

Signal Handlers:
SIGSEGV: [libjvm.so+0xabb070], sa_mask[0]=11111111011111111101111111111110, sa_flags=SA_RESTART|SA_SIGINFO
SIGBUS: [libjvm.so+0xabb070], sa_mask[0]=11111111011111111101111111111110, sa_flags=SA_RESTART|SA_SIGINFO
SIGFPE: [libjvm.so+0x918480], sa_mask[0]=11111111011111111101111111111110, sa_flags=SA_RESTART|SA_SIGINFO
SIGPIPE: [libjvm.so+0x918480], sa_mask[0]=11111111011111111101111111111110, sa_flags=SA_RESTART|SA_SIGINFO
SIGXFSZ: [libjvm.so+0x918480], sa_mask[0]=11111111011111111101111111111110, sa_flags=SA_RESTART|SA_SIGINFO
SIGILL: [libjvm.so+0x918480], sa_mask[0]=11111111011111111101111111111110, sa_flags=SA_RESTART|SA_SIGINFO
SIGUSR1: SIG_DFL, sa_mask[0]=00000000000000000000000000000000, sa_flags=none
SIGUSR2: [libjvm.so+0x919ab0], sa_mask[0]=00100000000000000000000000000000, sa_flags=SA_RESTART|SA_SIGINFO
SIGHUP: [libjvm.so+0x91aeb0], sa_mask[0]=11111111011111111101111111111110, sa_flags=SA_RESTART|SA_SIGINFO
SIGINT: [libjvm.so+0x91aeb0], sa_mask[0]=11111111011111111101111111111110, sa_flags=SA_RESTART|SA_SIGINFO
SIGTERM: [libjvm.so+0x91aeb0], sa_mask[0]=11111111011111111101111111111110, sa_flags=SA_RESTART|SA_SIGINFO
SIGQUIT: [libjvm.so+0x91aeb0], sa_mask[0]=11111111011111111101111111111110, sa_flags=SA_RESTART|SA_SIGINFO


---------------  S Y S T E M  ---------------

OS:DISTRIB_ID=Ubuntu
DISTRIB_RELEASE=15.10
DISTRIB_CODENAME=wily
DISTRIB_DESCRIPTION="Ubuntu 15.10"

uname:Linux 4.2.0-30-generic #36-Ubuntu SMP Fri Feb 26 00:58:07 UTC 2016 x86_64
libc:glibc 2.21 NPTL 2.21 
rlimit: STACK 8192k, CORE 0k, NPROC 59855, NOFILE 65536, AS infinity
load average:22,23 8,80 6,11

/proc/meminfo:
MemTotal:       15357648 kB
MemFree:           88836 kB
MemAvailable:     145416 kB
Buffers:            1060 kB
Cached:          5389100 kB
SwapCached:            0 kB
Active:          8661764 kB
Inactive:        5142524 kB
Active(anon):    8642188 kB
Inactive(anon):  5125980 kB
Active(file):      19576 kB
Inactive(file):    16544 kB
Unevictable:           0 kB
Mlocked:               0 kB
SwapTotal:             0 kB
SwapFree:              0 kB
Dirty:               584 kB
Writeback:             0 kB
AnonPages:       8414376 kB
Mapped:          5830372 kB
Shmem:           5353792 kB
Slab:             173952 kB
SReclaimable:      77552 kB
SUnreclaim:        96400 kB
KernelStack:       19760 kB
PageTables:       106980 kB
NFS_Unstable:          0 kB
Bounce:                0 kB
WritebackTmp:          0 kB
CommitLimit:     7678824 kB
Committed_AS:   24246504 kB
VmallocTotal:   34359738367 kB
VmallocUsed:      371652 kB
VmallocChunk:   34358947836 kB
HardwareCorrupted:     0 kB
AnonHugePages:   3692544 kB
CmaTotal:              0 kB
CmaFree:               0 kB
HugePages_Total:       0
HugePages_Free:        0
HugePages_Rsvd:        0
HugePages_Surp:        0
Hugepagesize:       2048 kB
DirectMap4k:      954620 kB
DirectMap2M:    14731264 kB


CPU:total 8 (4 cores per cpu, 2 threads per core) family 6 model 58 stepping 9, cmov, cx8, fxsr, mmx, sse, sse2, sse3, ssse3, sse4.1, sse4.2, popcnt, avx, aes, clmul, erms, ht, tsc, tscinvbit, tscinv

/proc/cpuinfo:
processor	: 0
vendor_id	: GenuineIntel
cpu family	: 6
model		: 58
model name	: Intel(R) Core(TM) i7-3770K CPU @ 3.50GHz
stepping	: 9
microcode	: 0x1b
cpu MHz		: 3703.164
cache size	: 8192 KB
physical id	: 0
siblings	: 8
core id		: 0
cpu cores	: 4
apicid		: 0
initial apicid	: 0
fpu		: yes
fpu_exception	: yes
cpuid level	: 13
wp		: yes
flags		: fpu vme de pse tsc msr pae mce cx8 apic sep mtrr pge mca cmov pat pse36 clflush dts acpi mmx fxsr sse sse2 ss ht tm pbe syscall nx rdtscp lm constant_tsc arch_perfmon pebs bts rep_good nopl xtopology nonstop_tsc aperfmperf eagerfpu pni pclmulqdq dtes64 monitor ds_cpl vmx est tm2 ssse3 cx16 xtpr pdcm pcid sse4_1 sse4_2 popcnt tsc_deadline_timer aes xsave avx f16c rdrand lahf_lm ida arat epb pln pts dtherm tpr_shadow vnmi flexpriority ept vpid fsgsbase smep erms xsaveopt
bugs		:
bogomips	: 7061.96
clflush size	: 64
cache_alignment	: 64
address sizes	: 36 bits physical, 48 bits virtual
power management:

processor	: 1
vendor_id	: GenuineIntel
cpu family	: 6
model		: 58
model name	: Intel(R) Core(TM) i7-3770K CPU @ 3.50GHz
stepping	: 9
microcode	: 0x1b
cpu MHz		: 3703.984
cache size	: 8192 KB
physical id	: 0
siblings	: 8
core id		: 1
cpu cores	: 4
apicid		: 2
initial apicid	: 2
fpu		: yes
fpu_exception	: yes
cpuid level	: 13
wp		: yes
flags		: fpu vme de pse tsc msr pae mce cx8 apic sep mtrr pge mca cmov pat pse36 clflush dts acpi mmx fxsr sse sse2 ss ht tm pbe syscall nx rdtscp lm constant_tsc arch_perfmon pebs bts rep_good nopl xtopology nonstop_tsc aperfmperf eagerfpu pni pclmulqdq dtes64 monitor ds_cpl vmx est tm2 ssse3 cx16 xtpr pdcm pcid sse4_1 sse4_2 popcnt tsc_deadline_timer aes xsave avx f16c rdrand lahf_lm ida arat epb pln pts dtherm tpr_shadow vnmi flexpriority ept vpid fsgsbase smep erms xsaveopt
bugs		:
bogomips	: 7061.96
clflush size	: 64
cache_alignment	: 64
address sizes	: 36 bits physical, 48 bits virtual
power management:

processor	: 2
vendor_id	: GenuineIntel
cpu family	: 6
model		: 58
model name	: Intel(R) Core(TM) i7-3770K CPU @ 3.50GHz
stepping	: 9
microcode	: 0x1b
cpu MHz		: 3699.882
cache size	: 8192 KB
physical id	: 0
siblings	: 8
core id		: 2
cpu cores	: 4
apicid		: 4
initial apicid	: 4
fpu		: yes
fpu_exception	: yes
cpuid level	: 13
wp		: yes
flags		: fpu vme de pse tsc msr pae mce cx8 apic sep mtrr pge mca cmov pat pse36 clflush dts acpi mmx fxsr sse sse2 ss ht tm pbe syscall nx rdtscp lm constant_tsc arch_perfmon pebs bts rep_good nopl xtopology nonstop_tsc aperfmperf eagerfpu pni pclmulqdq dtes64 monitor ds_cpl vmx est tm2 ssse3 cx16 xtpr pdcm pcid sse4_1 sse4_2 popcnt tsc_deadline_timer aes xsave avx f16c rdrand lahf_lm ida arat epb pln pts dtherm tpr_shadow vnmi flexpriority ept vpid fsgsbase smep erms xsaveopt
bugs		:
bogomips	: 7061.96
clflush size	: 64
cache_alignment	: 64
address sizes	: 36 bits physical, 48 bits virtual
power management:

processor	: 3
vendor_id	: GenuineIntel
cpu family	: 6
model		: 58
model name	: Intel(R) Core(TM) i7-3770K CPU @ 3.50GHz
stepping	: 9
microcode	: 0x1b
cpu MHz		: 3703.574
cache size	: 8192 KB
physical id	: 0
siblings	: 8
core id		: 3
cpu cores	: 4
apicid		: 6
initial apicid	: 6
fpu		: yes
fpu_exception	: yes
cpuid level	: 13
wp		: yes
flags		: fpu vme de pse tsc msr pae mce cx8 apic sep mtrr pge mca cmov pat pse36 clflush dts acpi mmx fxsr sse sse2 ss ht tm pbe syscall nx rdtscp lm constant_tsc arch_perfmon pebs bts rep_good nopl xtopology nonstop_tsc aperfmperf eagerfpu pni pclmulqdq dtes64 monitor ds_cpl vmx est tm2 ssse3 cx16 xtpr pdcm pcid sse4_1 sse4_2 popcnt tsc_deadline_timer aes xsave avx f16c rdrand lahf_lm ida arat epb pln pts dtherm tpr_shadow vnmi flexpriority ept vpid fsgsbase smep erms xsaveopt
bugs		:
bogomips	: 7061.96
clflush size	: 64
cache_alignment	: 64
address sizes	: 36 bits physical, 48 bits virtual
power management:

processor	: 4
vendor_id	: GenuineIntel
cpu family	: 6
model		: 58
model name	: Intel(R) Core(TM) i7-3770K CPU @ 3.50GHz
stepping	: 9
microcode	: 0x1b
cpu MHz		: 3703.027
cache size	: 8192 KB
physical id	: 0
siblings	: 8
core id		: 0
cpu cores	: 4
apicid		: 1
initial apicid	: 1
fpu		: yes
fpu_exception	: yes
cpuid level	: 13
wp		: yes
flags		: fpu vme de pse tsc msr pae mce cx8 apic sep mtrr pge mca cmov pat pse36 clflush dts acpi mmx fxsr sse sse2 ss ht tm pbe syscall nx rdtscp lm constant_tsc arch_perfmon pebs bts rep_good nopl xtopology nonstop_tsc aperfmperf eagerfpu pni pclmulqdq dtes64 monitor ds_cpl vmx est tm2 ssse3 cx16 xtpr pdcm pcid sse4_1 sse4_2 popcnt tsc_deadline_timer aes xsave avx f16c rdrand lahf_lm ida arat epb pln pts dtherm tpr_shadow vnmi flexpriority ept vpid fsgsbase smep erms xsaveopt
bugs		:
bogomips	: 7061.96
clflush size	: 64
cache_alignment	: 64
address sizes	: 36 bits physical, 48 bits virtual
power management:

processor	: 5
vendor_id	: GenuineIntel
cpu family	: 6
model		: 58
model name	: Intel(R) Core(TM) i7-3770K CPU @ 3.50GHz
stepping	: 9
microcode	: 0x1b
cpu MHz		: 3703.027
cache size	: 8192 KB
physical id	: 0
siblings	: 8
core id		: 1
cpu cores	: 4
apicid		: 3
initial apicid	: 3
fpu		: yes
fpu_exception	: yes
cpuid level	: 13
wp		: yes
flags		: fpu vme de pse tsc msr pae mce cx8 apic sep mtrr pge mca cmov pat pse36 clflush dts acpi mmx fxsr sse sse2 ss ht tm pbe syscall nx rdtscp lm constant_tsc arch_perfmon pebs bts rep_good nopl xtopology nonstop_tsc aperfmperf eagerfpu pni pclmulqdq dtes64 monitor ds_cpl vmx est tm2 ssse3 cx16 xtpr pdcm pcid sse4_1 sse4_2 popcnt tsc_deadline_timer aes xsave avx f16c rdrand lahf_lm ida arat epb pln pts dtherm tpr_shadow vnmi flexpriority ept vpid fsgsbase smep erms xsaveopt
bugs		:
bogomips	: 7061.96
clflush size	: 64
cache_alignment	: 64
address sizes	: 36 bits physical, 48 bits virtual
power management:

processor	: 6
vendor_id	: GenuineIntel
cpu family	: 6
model		: 58
model name	: Intel(R) Core(TM) i7-3770K CPU @ 3.50GHz
stepping	: 9
microcode	: 0x1b
cpu MHz		: 3699.882
cache size	: 8192 KB
physical id	: 0
siblings	: 8
core id		: 2
cpu cores	: 4
apicid		: 5
initial apicid	: 5
fpu		: yes
fpu_exception	: yes
cpuid level	: 13
wp		: yes
flags		: fpu vme de pse tsc msr pae mce cx8 apic sep mtrr pge mca cmov pat pse36 clflush dts acpi mmx fxsr sse sse2 ss ht tm pbe syscall nx rdtscp lm constant_tsc arch_perfmon pebs bts rep_good nopl xtopology nonstop_tsc aperfmperf eagerfpu pni pclmulqdq dtes64 monitor ds_cpl vmx est tm2 ssse3 cx16 xtpr pdcm pcid sse4_1 sse4_2 popcnt tsc_deadline_timer aes xsave avx f16c rdrand lahf_lm ida arat epb pln pts dtherm tpr_shadow vnmi flexpriority ept vpid fsgsbase smep erms xsaveopt
bugs		:
bogomips	: 7061.96
clflush size	: 64
cache_alignment	: 64
address sizes	: 36 bits physical, 48 bits virtual
power management:

processor	: 7
vendor_id	: GenuineIntel
cpu family	: 6
model		: 58
model name	: Intel(R) Core(TM) i7-3770K CPU @ 3.50GHz
stepping	: 9
microcode	: 0x1b
cpu MHz		: 3706.445
cache size	: 8192 KB
physical id	: 0
siblings	: 8
core id		: 3
cpu cores	: 4
apicid		: 7
initial apicid	: 7
fpu		: yes
fpu_exception	: yes
cpuid level	: 13
wp		: yes
flags		: fpu vme de pse tsc msr pae mce cx8 apic sep mtrr pge mca cmov pat pse36 clflush dts acpi mmx fxsr sse sse2 ss ht tm pbe syscall nx rdtscp lm constant_tsc arch_perfmon pebs bts rep_good nopl xtopology nonstop_tsc aperfmperf eagerfpu pni pclmulqdq dtes64 monitor ds_cpl vmx est tm2 ssse3 cx16 xtpr pdcm pcid sse4_1 sse4_2 popcnt tsc_deadline_timer aes xsave avx f16c rdrand lahf_lm ida arat epb pln pts dtherm tpr_shadow vnmi flexpriority ept vpid fsgsbase smep erms xsaveopt
bugs		:
bogomips	: 7061.96
clflush size	: 64
cache_alignment	: 64
address sizes	: 36 bits physical, 48 bits virtual
power management:



Memory: 4k page, physical 15357648k(88836k free), swap 0k(0k free)

vm_info: Java HotSpot(TM) 64-Bit Server VM (25.74-b02) for linux-amd64 JRE (1.8.0_74-b02), built on Jan 29 2016 19:20:56 by "java_re" with gcc 4.3.0 20080428 (Red Hat 4.3.0-8)

time: Thu Mar 10 23:41:41 2016
elapsed time: 27 seconds (0d 0h 0m 27s)

