#
# There is insufficient memory for the Java Runtime Environment to continue.
# Native memory allocation (mmap) failed to map 239599616 bytes for committing reserved memory.
# Possible reasons:
#   The system is out of physical RAM or swap space
#   In 32 bit mode, the process size limit was hit
# Possible solutions:
#   Reduce memory load on the system
#   Increase physical memory or swap space
#   Check if swap backing store is full
#   Use 64 bit Java on a 64 bit OS
#   Decrease Java heap size (-Xmx/-Xms)
#   Decrease number of Java threads
#   Decrease Java thread stack sizes (-Xss)
#   Set larger code cache with -XX:ReservedCodeCacheSize=
# This output file may be truncated or incomplete.
#
#  Out of Memory Error (os_linux.cpp:2627), pid=1986, tid=140004948510464
#
# JRE version: Java(TM) SE Runtime Environment (8.0_74-b02) (build 1.8.0_74-b02)
# Java VM: Java HotSpot(TM) 64-Bit Server VM (25.74-b02 mixed mode linux-amd64 compressed oops)
# Failed to write core dump. Core dumps have been disabled. To enable core dumping, try "ulimit -c unlimited" before starting Java again
#

---------------  T H R E A D  ---------------

Current thread (0x00007f5588080800):  VMThread [stack: 0x00007f5571290000,0x00007f5571391000] [id=2001]

Stack: [0x00007f5571290000,0x00007f5571391000],  sp=0x00007f557138f2a0,  free space=1020k
Native frames: (J=compiled Java code, j=interpreted, Vv=VM code, C=native code)
V  [libjvm.so+0xaba7ea]  VMError::report_and_die()+0x2ba
V  [libjvm.so+0x4f9e3b]  report_vm_out_of_memory(char const*, int, unsigned long, VMErrorType, char const*)+0x8b
V  [libjvm.so+0x91b613]  os::Linux::commit_memory_impl(char*, unsigned long, bool)+0x103
V  [libjvm.so+0x91bb69]  os::pd_commit_memory(char*, unsigned long, unsigned long, bool)+0x29
V  [libjvm.so+0x915e6a]  os::commit_memory(char*, unsigned long, unsigned long, bool)+0x2a
V  [libjvm.so+0x989543]  PSVirtualSpace::expand_by(unsigned long)+0x53
V  [libjvm.so+0x979e30]  PSOldGen::expand(unsigned long)+0x170
V  [libjvm.so+0x97a03b]  PSOldGen::resize(unsigned long)+0x1cb
V  [libjvm.so+0x981d11]  PSParallelCompact::invoke_no_policy(bool)+0x991
V  [libjvm.so+0x98766d]  PSScavenge::invoke()+0x1ad
V  [libjvm.so+0x93f300]  ParallelScavengeHeap::failed_mem_allocate(unsigned long)+0x70
V  [libjvm.so+0xabc207]  VM_ParallelGCFailedAllocation::doit()+0x97
V  [libjvm.so+0xac3c35]  VM_Operation::evaluate()+0x55
V  [libjvm.so+0xac200a]  VMThread::evaluate_operation(VM_Operation*)+0xba
V  [libjvm.so+0xac238e]  VMThread::loop()+0x1ce
V  [libjvm.so+0xac2800]  VMThread::run()+0x70
V  [libjvm.so+0x91d9d8]  java_start(Thread*)+0x108

VM_Operation (0x00007f556bbf9320): ParallelGCFailedAllocation, mode: safepoint, requested by thread 0x00007f5588212000


---------------  P R O C E S S  ---------------

Java Threads: ( => current thread )
  0x00007f5588212000 JavaThread "pool-2-thread-4" [_thread_blocked, id=2015, stack(0x00007f556bafb000,0x00007f556bbfc000)]
  0x00007f5588210000 JavaThread "pool-2-thread-3" [_thread_blocked, id=2014, stack(0x00007f556bbfc000,0x00007f556bcfd000)]
  0x00007f558820e800 JavaThread "pool-2-thread-2" [_thread_blocked, id=2013, stack(0x00007f556bcfd000,0x00007f556bdfe000)]
  0x00007f558820c800 JavaThread "pool-3-thread-1" [_thread_blocked, id=2012, stack(0x00007f556bdfe000,0x00007f556beff000)]
  0x00007f558820b000 JavaThread "pool-2-thread-1" [_thread_blocked, id=2011, stack(0x00007f556beff000,0x00007f556c000000)]
  0x00007f55880d4000 JavaThread "Service Thread" daemon [_thread_blocked, id=2009, stack(0x00007f5570274000,0x00007f5570375000)]
  0x00007f55880c8800 JavaThread "C1 CompilerThread3" daemon [_thread_blocked, id=2008, stack(0x00007f5570375000,0x00007f5570476000)]
  0x00007f55880c6800 JavaThread "C2 CompilerThread2" daemon [_thread_blocked, id=2007, stack(0x00007f5570476000,0x00007f5570577000)]
  0x00007f55880c4800 JavaThread "C2 CompilerThread1" daemon [_thread_blocked, id=2006, stack(0x00007f5570577000,0x00007f5570678000)]
  0x00007f55880c1800 JavaThread "C2 CompilerThread0" daemon [_thread_in_native, id=2005, stack(0x00007f5570678000,0x00007f5570779000)]
  0x00007f55880c0000 JavaThread "Signal Dispatcher" daemon [_thread_blocked, id=2004, stack(0x00007f5570779000,0x00007f557087a000)]
  0x00007f558808d000 JavaThread "Finalizer" daemon [_thread_blocked, id=2003, stack(0x00007f557108e000,0x00007f557118f000)]
  0x00007f5588088800 JavaThread "Reference Handler" daemon [_thread_blocked, id=2002, stack(0x00007f557118f000,0x00007f5571290000)]
  0x00007f558800a000 JavaThread "main" [_thread_blocked, id=1991, stack(0x00007f55909e5000,0x00007f5590ae6000)]

Other Threads:
=>0x00007f5588080800 VMThread [stack: 0x00007f5571290000,0x00007f5571391000] [id=2001]
  0x00007f55880d7000 WatcherThread [stack: 0x00007f5570173000,0x00007f5570274000] [id=2010]

VM state:at safepoint (normal execution)

VM Mutex/Monitor currently owned by a thread:  ([mutex/lock_event])
[0x00007f5588005ee0] ExpandHeap_lock - owner thread: 0x00007f5588080800
[0x00007f5588006560] Threads_lock - owner thread: 0x00007f5588080800
[0x00007f5588006a60] Heap_lock - owner thread: 0x00007f5588212000

Heap:
 PSYoungGen      total 228864K, used 11264K [0x00000000eab00000, 0x00000000ffc00000, 0x0000000100000000)
  eden space 116736K, 0% used [0x00000000eab00000,0x00000000eab00000,0x00000000f1d00000)
  from space 112128K, 10% used [0x00000000f8e80000,0x00000000f9980310,0x00000000ffc00000)
  to   space 114176K, 0% used [0x00000000f1d00000,0x00000000f1d00000,0x00000000f8c80000)
 ParOldGen       total 458752K, used 458313K [0x00000000c0000000, 0x00000000dc000000, 0x00000000eab00000)
  object space 458752K, 99% used [0x00000000c0000000,0x00000000dbf92658,0x00000000dc000000)
 Metaspace       used 6598K, capacity 7320K, committed 7680K, reserved 1056768K
  class space    used 616K, capacity 656K, committed 768K, reserved 1048576K

Card table byte_map: [0x00007f558d5a2000,0x00007f558d7a3000] byte_map_base: 0x00007f558cfa2000

Marking Bits: (ParMarkBitMap*) 0x00007f558feba260
 Begin Bits: [0x00007f5572000000, 0x00007f5573000000)
 End Bits:   [0x00007f5573000000, 0x00007f5574000000)

Polling page: 0x00007f5590b07000

CodeCache: size=245760Kb used=12926Kb max_used=12952Kb free=232833Kb
 bounds [0x00007f5579000000, 0x00007f5579cc0000, 0x00007f5588000000]
 total_blobs=2922 nmethods=2653 adapters=182
 compilation: enabled

Compilation events (10 events):
Event: 11,271 Thread 0x00007f55880c8800 2845       3       com.android.dx.cf.code.ByteCatchList::toRopCatchList (57 bytes)
Event: 11,273 Thread 0x00007f55880c8800 nmethod 2845 0x00007f5579c71a10 code [0x00007f5579c71c60, 0x00007f5579c72cc8]
Event: 11,471 Thread 0x00007f55880c8800 2846 % !   3       com.android.dx.dex.cf.CfTranslator::processFields @ 23 (251 bytes)
Event: 11,475 Thread 0x00007f55880c8800 nmethod 2846% 0x00007f5579c84d90 code [0x00007f5579c852a0, 0x00007f5579c88768]
Event: 11,591 Thread 0x00007f55880c4800 nmethod 2830 0x00007f5579c944d0 code [0x00007f5579c95ec0, 0x00007f5579c9e340]
Event: 11,591 Thread 0x00007f55880c4800 2844       4       com.android.dx.cf.code.BaseMachine::storeResults (90 bytes)
Event: 11,654 Thread 0x00007f55880c4800 nmethod 2844 0x00007f5579c8b810 code [0x00007f5579c8bbe0, 0x00007f5579c8dae8]
Event: 11,654 Thread 0x00007f55880c4800 2810       4       com.android.dx.ssa.back.FirstFitLocalCombiningAllocator::handleLocalAssociatedOther (151 bytes)
Event: 11,733 Thread 0x00007f55880c6800 nmethod 2841 0x00007f5579cacbd0 code [0x00007f5579cada60, 0x00007f5579cb2800]
Event: 11,733 Thread 0x00007f55880c6800 2678       4       com.android.dx.rop.type.StdTypeList::withFirst (53 bytes)

GC Heap History (10 events):
Event: 10,292 GC heap after
Heap after GC invocations=20 (full 2):
 PSYoungGen      total 214016K, used 91105K [0x00000000eab00000, 0x0000000100000000, 0x0000000100000000)
  eden space 122880K, 0% used [0x00000000eab00000,0x00000000eab00000,0x00000000f2300000)
  from space 91136K, 99% used [0x00000000fa700000,0x00000000ffff8518,0x0000000100000000)
  to   space 113152K, 0% used [0x00000000f2300000,0x00000000f2300000,0x00000000f9180000)
 ParOldGen       total 458752K, used 305906K [0x00000000c0000000, 0x00000000dc000000, 0x00000000eab00000)
  object space 458752K, 66% used [0x00000000c0000000,0x00000000d2abcb68,0x00000000dc000000)
 Metaspace       used 6594K, capacity 7320K, committed 7680K, reserved 1056768K
  class space    used 616K, capacity 656K, committed 768K, reserved 1048576K
}
Event: 10,533 GC heap before
{Heap before GC invocations=21 (full 2):
 PSYoungGen      total 214016K, used 213985K [0x00000000eab00000, 0x0000000100000000, 0x0000000100000000)
  eden space 122880K, 100% used [0x00000000eab00000,0x00000000f2300000,0x00000000f2300000)
  from space 91136K, 99% used [0x00000000fa700000,0x00000000ffff8518,0x0000000100000000)
  to   space 113152K, 0% used [0x00000000f2300000,0x00000000f2300000,0x00000000f9180000)
 ParOldGen       total 458752K, used 305906K [0x00000000c0000000, 0x00000000dc000000, 0x00000000eab00000)
  object space 458752K, 66% used [0x00000000c0000000,0x00000000d2abcb68,0x00000000dc000000)
 Metaspace       used 6594K, capacity 7320K, committed 7680K, reserved 1056768K
  class space    used 616K, capacity 656K, committed 768K, reserved 1048576K
Event: 10,677 GC heap after
Heap after GC invocations=21 (full 2):
 PSYoungGen      total 193024K, used 69828K [0x00000000eab00000, 0x0000000100000000, 0x0000000100000000)
  eden space 122880K, 0% used [0x00000000eab00000,0x00000000eab00000,0x00000000f2300000)
  from space 70144K, 99% used [0x00000000f2300000,0x00000000f6731270,0x00000000f6780000)
  to   space 115200K, 0% used [0x00000000f8f80000,0x00000000f8f80000,0x0000000100000000)
 ParOldGen       total 458752K, used 348066K [0x00000000c0000000, 0x00000000dc000000, 0x00000000eab00000)
  object space 458752K, 75% used [0x00000000c0000000,0x00000000d53e8b70,0x00000000dc000000)
 Metaspace       used 6594K, capacity 7320K, committed 7680K, reserved 1056768K
  class space    used 616K, capacity 656K, committed 768K, reserved 1048576K
}
Event: 10,916 GC heap before
{Heap before GC invocations=22 (full 2):
 PSYoungGen      total 193024K, used 192708K [0x00000000eab00000, 0x0000000100000000, 0x0000000100000000)
  eden space 122880K, 100% used [0x00000000eab00000,0x00000000f2300000,0x00000000f2300000)
  from space 70144K, 99% used [0x00000000f2300000,0x00000000f6731270,0x00000000f6780000)
  to   space 115200K, 0% used [0x00000000f8f80000,0x00000000f8f80000,0x0000000100000000)
 ParOldGen       total 458752K, used 348066K [0x00000000c0000000, 0x00000000dc000000, 0x00000000eab00000)
  object space 458752K, 75% used [0x00000000c0000000,0x00000000d53e8b70,0x00000000dc000000)
 Metaspace       used 6598K, capacity 7320K, committed 7680K, reserved 1056768K
  class space    used 616K, capacity 656K, committed 768K, reserved 1048576K
Event: 11,020 GC heap after
Heap after GC invocations=22 (full 2):
 PSYoungGen      total 231936K, used 88310K [0x00000000eab00000, 0x0000000100000000, 0x0000000100000000)
  eden space 116736K, 0% used [0x00000000eab00000,0x00000000eab00000,0x00000000f1d00000)
  from space 115200K, 76% used [0x00000000f8f80000,0x00000000fe5bd820,0x0000000100000000)
  to   space 116224K, 0% used [0x00000000f1d00000,0x00000000f1d00000,0x00000000f8e80000)
 ParOldGen       total 458752K, used 348066K [0x00000000c0000000, 0x00000000dc000000, 0x00000000eab00000)
  object space 458752K, 75% used [0x00000000c0000000,0x00000000d53e8b70,0x00000000dc000000)
 Metaspace       used 6598K, capacity 7320K, committed 7680K, reserved 1056768K
  class space    used 616K, capacity 656K, committed 768K, reserved 1048576K
}
Event: 11,287 GC heap before
{Heap before GC invocations=23 (full 2):
 PSYoungGen      total 231936K, used 205046K [0x00000000eab00000, 0x0000000100000000, 0x0000000100000000)
  eden space 116736K, 100% used [0x00000000eab00000,0x00000000f1d00000,0x00000000f1d00000)
  from space 115200K, 76% used [0x00000000f8f80000,0x00000000fe5bd820,0x0000000100000000)
  to   space 116224K, 0% used [0x00000000f1d00000,0x00000000f1d00000,0x00000000f8e80000)
 ParOldGen       total 458752K, used 348066K [0x00000000c0000000, 0x00000000dc000000, 0x00000000eab00000)
  object space 458752K, 75% used [0x00000000c0000000,0x00000000d53e8b70,0x00000000dc000000)
 Metaspace       used 6598K, capacity 7320K, committed 7680K, reserved 1056768K
  class space    used 616K, capacity 656K, committed 768K, reserved 1048576K
Event: 11,419 GC heap after
Heap after GC invocations=23 (full 2):
 PSYoungGen      total 232960K, used 57713K [0x00000000eab00000, 0x0000000100000000, 0x0000000100000000)
  eden space 116736K, 0% used [0x00000000eab00000,0x00000000eab00000,0x00000000f1d00000)
  from space 116224K, 49% used [0x00000000f1d00000,0x00000000f555c6d0,0x00000000f8e80000)
  to   space 116224K, 0% used [0x00000000f8e80000,0x00000000f8e80000,0x0000000100000000)
 ParOldGen       total 458752K, used 397587K [0x00000000c0000000, 0x00000000dc000000, 0x00000000eab00000)
  object space 458752K, 86% used [0x00000000c0000000,0x00000000d8444fc8,0x00000000dc000000)
 Metaspace       used 6598K, capacity 7320K, committed 7680K, reserved 1056768K
  class space    used 616K, capacity 656K, committed 768K, reserved 1048576K
}
Event: 11,736 GC heap before
{Heap before GC invocations=24 (full 2):
 PSYoungGen      total 232960K, used 174449K [0x00000000eab00000, 0x0000000100000000, 0x0000000100000000)
  eden space 116736K, 100% used [0x00000000eab00000,0x00000000f1d00000,0x00000000f1d00000)
  from space 116224K, 49% used [0x00000000f1d00000,0x00000000f555c6d0,0x00000000f8e80000)
  to   space 116224K, 0% used [0x00000000f8e80000,0x00000000f8e80000,0x0000000100000000)
 ParOldGen       total 458752K, used 397587K [0x00000000c0000000, 0x00000000dc000000, 0x00000000eab00000)
  object space 458752K, 86% used [0x00000000c0000000,0x00000000d8444fc8,0x00000000dc000000)
 Metaspace       used 6598K, capacity 7320K, committed 7680K, reserved 1056768K
  class space    used 616K, capacity 656K, committed 768K, reserved 1048576K
Event: 11,861 GC heap after
Heap after GC invocations=24 (full 2):
 PSYoungGen      total 228864K, used 38602K [0x00000000eab00000, 0x00000000ffc00000, 0x0000000100000000)
  eden space 116736K, 0% used [0x00000000eab00000,0x00000000eab00000,0x00000000f1d00000)
  from space 112128K, 34% used [0x00000000f8e80000,0x00000000fb432bc0,0x00000000ffc00000)
  to   space 114176K, 0% used [0x00000000f1d00000,0x00000000f1d00000,0x00000000f8c80000)
 ParOldGen       total 458752K, used 435957K [0x00000000c0000000, 0x00000000dc000000, 0x00000000eab00000)
  object space 458752K, 95% used [0x00000000c0000000,0x00000000da9bd608,0x00000000dc000000)
 Metaspace       used 6598K, capacity 7320K, committed 7680K, reserved 1056768K
  class space    used 616K, capacity 656K, committed 768K, reserved 1048576K
}
Event: 11,861 GC heap before
{Heap before GC invocations=25 (full 3):
 PSYoungGen      total 228864K, used 38602K [0x00000000eab00000, 0x00000000ffc00000, 0x0000000100000000)
  eden space 116736K, 0% used [0x00000000eab00000,0x00000000eab00000,0x00000000f1d00000)
  from space 112128K, 34% used [0x00000000f8e80000,0x00000000fb432bc0,0x00000000ffc00000)
  to   space 114176K, 0% used [0x00000000f1d00000,0x00000000f1d00000,0x00000000f8c80000)
 ParOldGen       total 458752K, used 435957K [0x00000000c0000000, 0x00000000dc000000, 0x00000000eab00000)
  object space 458752K, 95% used [0x00000000c0000000,0x00000000da9bd608,0x00000000dc000000)
 Metaspace       used 6598K, capacity 7320K, committed 7680K, reserved 1056768K
  class space    used 616K, capacity 656K, committed 768K, reserved 1048576K

Deoptimization events (10 events):
Event: 10,768 Thread 0x00007f5588210000 Uncommon trap: reason=bimorphic action=maybe_recompile pc=0x00007f5579c1901c method=com.android.dx.cf.code.BytecodeArray.parseInstruction(ILcom/android/dx/cf/code/BytecodeArray$Visitor;)I @ 1099
Event: 10,768 Thread 0x00007f5588210000 Uncommon trap: reason=bimorphic action=maybe_recompile pc=0x00007f5579c192c8 method=com.android.dx.cf.code.BytecodeArray.parseInstruction(ILcom/android/dx/cf/code/BytecodeArray$Visitor;)I @ 1327
Event: 10,768 Thread 0x00007f5588210000 Uncommon trap: reason=bimorphic action=maybe_recompile pc=0x00007f5579c192c8 method=com.android.dx.cf.code.BytecodeArray.parseInstruction(ILcom/android/dx/cf/code/BytecodeArray$Visitor;)I @ 1327
Event: 10,783 Thread 0x00007f5588212000 Uncommon trap: reason=unstable_if action=reinterpret pc=0x00007f5579c04a78 method=com.android.dx.cf.code.Merger.mergeType(Lcom/android/dx/rop/type/TypeBearer;Lcom/android/dx/rop/type/TypeBearer;)Lcom/android/dx/rop/type/TypeBearer; @ 52
Event: 11,097 Thread 0x00007f558820b000 Uncommon trap: reason=unstable_if action=reinterpret pc=0x00007f5579bc13ac method=com.android.dx.rop.code.BasicBlockList.preferredSuccessorOf(Lcom/android/dx/rop/code/BasicBlock;)Lcom/android/dx/rop/code/BasicBlock; @ 58
Event: 11,258 Thread 0x00007f5588210000 Uncommon trap: reason=bimorphic action=maybe_recompile pc=0x00007f5579c6abd0 method=com.android.dx.cf.code.BaseMachine.getLocalTarget(Z)Lcom/android/dx/rop/code/RegisterSpec; @ 70
Event: 11,259 Thread 0x00007f5588210000 Uncommon trap: reason=bimorphic action=maybe_recompile pc=0x00007f5579c6abd0 method=com.android.dx.cf.code.BaseMachine.getLocalTarget(Z)Lcom/android/dx/rop/code/RegisterSpec; @ 70
Event: 11,259 Thread 0x00007f5588210000 Uncommon trap: reason=bimorphic action=maybe_recompile pc=0x00007f5579c6abd0 method=com.android.dx.cf.code.BaseMachine.getLocalTarget(Z)Lcom/android/dx/rop/code/RegisterSpec; @ 70
Event: 11,260 Thread 0x00007f5588210000 Uncommon trap: reason=bimorphic action=maybe_recompile pc=0x00007f5579c6abd0 method=com.android.dx.cf.code.BaseMachine.getLocalTarget(Z)Lcom/android/dx/rop/code/RegisterSpec; @ 70
Event: 11,733 Thread 0x00007f558820b000 Uncommon trap: reason=bimorphic action=maybe_recompile pc=0x00007f5579cb1440 method=com.android.dx.cf.code.BaseMachine.getLocalTarget(Z)Lcom/android/dx/rop/code/RegisterSpec; @ 70

Internal exceptions (9 events):
Event: 0,017 Thread 0x00007f558800a000 Exception <a 'java/lang/NoSuchMethodError': Method sun.misc.Unsafe.defineClass(Ljava/lang/String;[BII)Ljava/lang/Class; name or signature does not match> (0x00000000eab07cc0) thrown at [/HUDSON3/workspace/8-2-build-linux-amd64/jdk8u74/6087/hotspot/src/sha
Event: 0,017 Thread 0x00007f558800a000 Exception <a 'java/lang/NoSuchMethodError': Method sun.misc.Unsafe.prefetchRead(Ljava/lang/Object;J)V name or signature does not match> (0x00000000eab07fa8) thrown at [/HUDSON3/workspace/8-2-build-linux-amd64/jdk8u74/6087/hotspot/src/share/vm/prims/jni.cp
Event: 0,466 Thread 0x00007f558820e800 Implicit null exception at 0x00007f55793178e9 to 0x00007f557931a821
Event: 0,588 Thread 0x00007f5588210000 Implicit null exception at 0x00007f557935b3f3 to 0x00007f557935b581
Event: 1,112 Thread 0x00007f558820e800 Exception <a 'java/lang/ArrayIndexOutOfBoundsException': 18> (0x00000000ebe99550) thrown at [/HUDSON3/workspace/8-2-build-linux-amd64/jdk8u74/6087/hotspot/src/share/vm/interpreter/interpreterRuntime.cpp, line 366]
Event: 1,112 Thread 0x00007f558820e800 Exception <a 'java/lang/ArrayIndexOutOfBoundsException': 145> (0x00000000ebe9b0d0) thrown at [/HUDSON3/workspace/8-2-build-linux-amd64/jdk8u74/6087/hotspot/src/share/vm/interpreter/interpreterRuntime.cpp, line 366]
Event: 1,113 Thread 0x00007f558820e800 Exception <a 'java/lang/ArrayIndexOutOfBoundsException': 40> (0x00000000ebe9c3b8) thrown at [/HUDSON3/workspace/8-2-build-linux-amd64/jdk8u74/6087/hotspot/src/share/vm/interpreter/interpreterRuntime.cpp, line 366]
Event: 2,236 Thread 0x00007f5588212000 Implicit null exception at 0x00007f55795d67bc to 0x00007f55795d80c5
Event: 2,462 Thread 0x00007f558820b000 Implicit null exception at 0x00007f55798eba9e to 0x00007f55798eef29

Events (10 events):
Event: 11,631 Thread 0x00007f5588212000 DEOPT PACKING pc=0x00007f55793e6c2c sp=0x00007f556bbfa050
Event: 11,631 Thread 0x00007f5588212000 DEOPT UNPACKING pc=0x00007f5579047633 sp=0x00007f556bbf9d50 mode 0
Event: 11,675 Thread 0x00007f558820b000 DEOPT PACKING pc=0x00007f55793e6c2c sp=0x00007f556bffe100
Event: 11,675 Thread 0x00007f558820b000 DEOPT UNPACKING pc=0x00007f5579047633 sp=0x00007f556bffde00 mode 0
Event: 11,712 Thread 0x00007f5588212000 DEOPT PACKING pc=0x00007f55793e6c2c sp=0x00007f556bbf9f00
Event: 11,712 Thread 0x00007f5588212000 DEOPT UNPACKING pc=0x00007f5579047633 sp=0x00007f556bbf9c00 mode 0
Event: 11,733 Thread 0x00007f558820b000 Uncommon trap: trap_request=0xffffffc6 fr.pc=0x00007f5579cb1440
Event: 11,733 Thread 0x00007f558820b000 DEOPT PACKING pc=0x00007f5579cb1440 sp=0x00007f556bffd730
Event: 11,733 Thread 0x00007f558820b000 DEOPT UNPACKING pc=0x00007f5579005229 sp=0x00007f556bffd648 mode 2
Event: 11,735 Executing VM operation: ParallelGCFailedAllocation


Dynamic libraries:
00400000-00401000 r-xp 00000000 08:11 1197510                            /usr/lib/jvm/java-8-oracle/bin/java
00600000-00601000 rw-p 00000000 08:11 1197510                            /usr/lib/jvm/java-8-oracle/bin/java
01ec8000-01ee9000 rw-p 00000000 00:00 0                                  [heap]
c0000000-dc000000 rw-p 00000000 00:00 0 
ea480000-eab00000 ---p 00000000 00:00 0 
eab00000-ffc00000 rw-p 00000000 00:00 0 
ffc00000-100000000 ---p 00000000 00:00 0 
100000000-1000c0000 rw-p 00000000 00:00 0 
1000c0000-140000000 ---p 00000000 00:00 0 
7f5504000000-7f550404a000 rw-p 00000000 00:00 0 
7f550404a000-7f5508000000 ---p 00000000 00:00 0 
7f5508000000-7f5508021000 rw-p 00000000 00:00 0 
7f5508021000-7f550c000000 ---p 00000000 00:00 0 
7f550c000000-7f550c021000 rw-p 00000000 00:00 0 
7f550c021000-7f5510000000 ---p 00000000 00:00 0 
7f5510000000-7f5510022000 rw-p 00000000 00:00 0 
7f5510022000-7f5514000000 ---p 00000000 00:00 0 
7f5514000000-7f5514021000 rw-p 00000000 00:00 0 
7f5514021000-7f5518000000 ---p 00000000 00:00 0 
7f5518000000-7f5518034000 rw-p 00000000 00:00 0 
7f5518034000-7f551c000000 ---p 00000000 00:00 0 
7f551c000000-7f551cbb2000 rw-p 00000000 00:00 0 
7f551cbb2000-7f5520000000 ---p 00000000 00:00 0 
7f5520000000-7f5520021000 rw-p 00000000 00:00 0 
7f5520021000-7f5524000000 ---p 00000000 00:00 0 
7f5524000000-7f552505f000 rw-p 00000000 00:00 0 
7f552505f000-7f5528000000 ---p 00000000 00:00 0 
7f5528000000-7f5529175000 rw-p 00000000 00:00 0 
7f5529175000-7f552c000000 ---p 00000000 00:00 0 
7f552c000000-7f552c021000 rw-p 00000000 00:00 0 
7f552c021000-7f5530000000 ---p 00000000 00:00 0 
7f5530000000-7f553124c000 rw-p 00000000 00:00 0 
7f553124c000-7f5534000000 ---p 00000000 00:00 0 
7f5534000000-7f5534021000 rw-p 00000000 00:00 0 
7f5534021000-7f5538000000 ---p 00000000 00:00 0 
7f5538000000-7f5538021000 rw-p 00000000 00:00 0 
7f5538021000-7f553c000000 ---p 00000000 00:00 0 
7f553c000000-7f553c021000 rw-p 00000000 00:00 0 
7f553c021000-7f5540000000 ---p 00000000 00:00 0 
7f5540000000-7f5540291000 rw-p 00000000 00:00 0 
7f5540291000-7f5544000000 ---p 00000000 00:00 0 
7f5544000000-7f5544021000 rw-p 00000000 00:00 0 
7f5544021000-7f5548000000 ---p 00000000 00:00 0 
7f554c000000-7f554c021000 rw-p 00000000 00:00 0 
7f554c021000-7f5550000000 ---p 00000000 00:00 0 
7f5554000000-7f5554021000 rw-p 00000000 00:00 0 
7f5554021000-7f5558000000 ---p 00000000 00:00 0 
7f555c000000-7f555c021000 rw-p 00000000 00:00 0 
7f555c021000-7f5560000000 ---p 00000000 00:00 0 
7f5564000000-7f5564021000 rw-p 00000000 00:00 0 
7f5564021000-7f5568000000 ---p 00000000 00:00 0 
7f556bafb000-7f556bafe000 ---p 00000000 00:00 0 
7f556bafe000-7f556bbfc000 rw-p 00000000 00:00 0                          [stack:2015]
7f556bbfc000-7f556bbff000 ---p 00000000 00:00 0 
7f556bbff000-7f556bcfd000 rw-p 00000000 00:00 0                          [stack:2014]
7f556bcfd000-7f556bd00000 ---p 00000000 00:00 0 
7f556bd00000-7f556bdfe000 rw-p 00000000 00:00 0                          [stack:2013]
7f556bdfe000-7f556be01000 ---p 00000000 00:00 0 
7f556be01000-7f556beff000 rw-p 00000000 00:00 0                          [stack:2012]
7f556beff000-7f556bf02000 ---p 00000000 00:00 0 
7f556bf02000-7f556c000000 rw-p 00000000 00:00 0                          [stack:2011]
7f556c000000-7f556c021000 rw-p 00000000 00:00 0 
7f556c021000-7f5570000000 ---p 00000000 00:00 0 
7f5570092000-7f55700c1000 r--p 00000000 08:11 1974071                    /usr/share/locale-langpack/ru/LC_MESSAGES/libc.mo
7f55700c1000-7f5570173000 r--s 0086f000 08:11 138879                     /home/dima/AndroidStudioProjects/Wehere/app/build/intermediates/transforms/jarMerging/debug/jars/1/1f/combined.jar
7f5570173000-7f5570174000 ---p 00000000 00:00 0 
7f5570174000-7f5570274000 rw-p 00000000 00:00 0                          [stack:2010]
7f5570274000-7f5570277000 ---p 00000000 00:00 0 
7f5570277000-7f5570375000 rw-p 00000000 00:00 0                          [stack:2009]
7f5570375000-7f5570378000 ---p 00000000 00:00 0 
7f5570378000-7f5570476000 rw-p 00000000 00:00 0                          [stack:2008]
7f5570476000-7f5570479000 ---p 00000000 00:00 0 
7f5570479000-7f5570577000 rw-p 00000000 00:00 0                          [stack:2007]
7f5570577000-7f557057a000 ---p 00000000 00:00 0 
7f557057a000-7f5570678000 rw-p 00000000 00:00 0                          [stack:2006]
7f5570678000-7f557067b000 ---p 00000000 00:00 0 
7f557067b000-7f5570779000 rw-p 00000000 00:00 0                          [stack:2005]
7f5570779000-7f557077c000 ---p 00000000 00:00 0 
7f557077c000-7f557087a000 rw-p 00000000 00:00 0                          [stack:2004]
7f557087a000-7f557108e000 r--p 00000000 08:11 1187634                    /usr/lib/locale/locale-archive
7f557108e000-7f5571091000 ---p 00000000 00:00 0 
7f5571091000-7f557118f000 rw-p 00000000 00:00 0                          [stack:2003]
7f557118f000-7f5571192000 ---p 00000000 00:00 0 
7f5571192000-7f5571290000 rw-p 00000000 00:00 0                          [stack:2002]
7f5571290000-7f5571291000 ---p 00000000 00:00 0 
7f5571291000-7f5574000000 rw-p 00000000 00:00 0                          [stack:2001]
7f5574000000-7f5574021000 rw-p 00000000 00:00 0 
7f5574021000-7f5578000000 ---p 00000000 00:00 0 
7f557800b000-7f557801a000 r--s 000df000 08:11 3549361                    /home/dima/Android/Sdk/build-tools/23.0.2/lib/dx.jar
7f557801a000-7f5578e28000 rw-p 00000000 00:00 0 
7f5578e28000-7f5579000000 r--s 03d1d000 08:11 1197585                    /usr/lib/jvm/java-8-oracle/jre/lib/rt.jar
7f5579000000-7f5579cc0000 rwxp 00000000 00:00 0 
7f5579cc0000-7f5588000000 ---p 00000000 00:00 0 
7f5588000000-7f55883ca000 rw-p 00000000 00:00 0 
7f55883ca000-7f558c000000 ---p 00000000 00:00 0 
7f558c007000-7f558c904000 rw-p 00000000 00:00 0 
7f558c904000-7f558ca44000 ---p 00000000 00:00 0 
7f558ca44000-7f558cc44000 rw-p 00000000 00:00 0 
7f558cc44000-7f558cc45000 ---p 00000000 00:00 0 
7f558cc45000-7f558cd45000 rw-p 00000000 00:00 0                          [stack:1999]
7f558cd45000-7f558cd46000 ---p 00000000 00:00 0 
7f558cd46000-7f558ce46000 rw-p 00000000 00:00 0                          [stack:1998]
7f558ce46000-7f558ce47000 ---p 00000000 00:00 0 
7f558ce47000-7f558cf47000 rw-p 00000000 00:00 0                          [stack:1997]
7f558cf47000-7f558cf48000 ---p 00000000 00:00 0 
7f558cf48000-7f558d048000 rw-p 00000000 00:00 0                          [stack:1996]
7f558d048000-7f558d049000 ---p 00000000 00:00 0 
7f558d049000-7f558d149000 rw-p 00000000 00:00 0                          [stack:1995]
7f558d149000-7f558d14a000 ---p 00000000 00:00 0 
7f558d14a000-7f558d24a000 rw-p 00000000 00:00 0                          [stack:1994]
7f558d24a000-7f558d24b000 ---p 00000000 00:00 0 
7f558d24b000-7f558d34b000 rw-p 00000000 00:00 0                          [stack:1993]
7f558d34b000-7f558d34c000 ---p 00000000 00:00 0 
7f558d34c000-7f558d52c000 rw-p 00000000 00:00 0                          [stack:1992]
7f558d52c000-7f558d5a2000 ---p 00000000 00:00 0 
7f558d5a2000-7f558d682000 rw-p 00000000 00:00 0 
7f558d682000-7f558d6f7000 ---p 00000000 00:00 0 
7f558d6f7000-7f558d7a0000 rw-p 00000000 00:00 0 
7f558d7a0000-7f558d7a2000 ---p 00000000 00:00 0 
7f558d7a2000-7f558d7d6000 rw-p 00000000 00:00 0 
7f558d7d6000-7f558db63000 ---p 00000000 00:00 0 
7f558db63000-7f558db7d000 r-xp 00000000 08:11 1197617                    /usr/lib/jvm/java-8-oracle/jre/lib/amd64/libzip.so
7f558db7d000-7f558dd7d000 ---p 0001a000 08:11 1197617                    /usr/lib/jvm/java-8-oracle/jre/lib/amd64/libzip.so
7f558dd7d000-7f558dd7e000 rw-p 0001a000 08:11 1197617                    /usr/lib/jvm/java-8-oracle/jre/lib/amd64/libzip.so
7f558dd7e000-7f558dd8a000 r-xp 00000000 08:11 4731752                    /lib/x86_64-linux-gnu/libnss_files-2.21.so
7f558dd8a000-7f558df89000 ---p 0000c000 08:11 4731752                    /lib/x86_64-linux-gnu/libnss_files-2.21.so
7f558df89000-7f558df8a000 r--p 0000b000 08:11 4731752                    /lib/x86_64-linux-gnu/libnss_files-2.21.so
7f558df8a000-7f558df8b000 rw-p 0000c000 08:11 4731752                    /lib/x86_64-linux-gnu/libnss_files-2.21.so
7f558df8b000-7f558df96000 r-xp 00000000 08:11 4734692                    /lib/x86_64-linux-gnu/libnss_nis-2.21.so
7f558df96000-7f558e195000 ---p 0000b000 08:11 4734692                    /lib/x86_64-linux-gnu/libnss_nis-2.21.so
7f558e195000-7f558e196000 r--p 0000a000 08:11 4734692                    /lib/x86_64-linux-gnu/libnss_nis-2.21.so
7f558e196000-7f558e197000 rw-p 0000b000 08:11 4734692                    /lib/x86_64-linux-gnu/libnss_nis-2.21.so
7f558e197000-7f558e1ae000 r-xp 00000000 08:11 4734658                    /lib/x86_64-linux-gnu/libnsl-2.21.so
7f558e1ae000-7f558e3ad000 ---p 00017000 08:11 4734658                    /lib/x86_64-linux-gnu/libnsl-2.21.so
7f558e3ad000-7f558e3ae000 r--p 00016000 08:11 4734658                    /lib/x86_64-linux-gnu/libnsl-2.21.so
7f558e3ae000-7f558e3af000 rw-p 00017000 08:11 4734658                    /lib/x86_64-linux-gnu/libnsl-2.21.so
7f558e3af000-7f558e3b1000 rw-p 00000000 00:00 0 
7f558e3b1000-7f558e3b9000 r-xp 00000000 08:11 4734629                    /lib/x86_64-linux-gnu/libnss_compat-2.21.so
7f558e3b9000-7f558e5b8000 ---p 00008000 08:11 4734629                    /lib/x86_64-linux-gnu/libnss_compat-2.21.so
7f558e5b8000-7f558e5b9000 r--p 00007000 08:11 4734629                    /lib/x86_64-linux-gnu/libnss_compat-2.21.so
7f558e5b9000-7f558e5ba000 rw-p 00008000 08:11 4734629                    /lib/x86_64-linux-gnu/libnss_compat-2.21.so
7f558e5ba000-7f558e5e4000 r-xp 00000000 08:11 1197645                    /usr/lib/jvm/java-8-oracle/jre/lib/amd64/libjava.so
7f558e5e4000-7f558e7e4000 ---p 0002a000 08:11 1197645                    /usr/lib/jvm/java-8-oracle/jre/lib/amd64/libjava.so
7f558e7e4000-7f558e7e6000 rw-p 0002a000 08:11 1197645                    /usr/lib/jvm/java-8-oracle/jre/lib/amd64/libjava.so
7f558e7e6000-7f558e7f3000 r-xp 00000000 08:11 1197594                    /usr/lib/jvm/java-8-oracle/jre/lib/amd64/libverify.so
7f558e7f3000-7f558e9f3000 ---p 0000d000 08:11 1197594                    /usr/lib/jvm/java-8-oracle/jre/lib/amd64/libverify.so
7f558e9f3000-7f558e9f5000 rw-p 0000d000 08:11 1197594                    /usr/lib/jvm/java-8-oracle/jre/lib/amd64/libverify.so
7f558e9f5000-7f558e9fc000 r-xp 00000000 08:11 4731743                    /lib/x86_64-linux-gnu/librt-2.21.so
7f558e9fc000-7f558ebfb000 ---p 00007000 08:11 4731743                    /lib/x86_64-linux-gnu/librt-2.21.so
7f558ebfb000-7f558ebfc000 r--p 00006000 08:11 4731743                    /lib/x86_64-linux-gnu/librt-2.21.so
7f558ebfc000-7f558ebfd000 rw-p 00007000 08:11 4731743                    /lib/x86_64-linux-gnu/librt-2.21.so
7f558ebfd000-7f558ed04000 r-xp 00000000 08:11 4734694                    /lib/x86_64-linux-gnu/libm-2.21.so
7f558ed04000-7f558ef03000 ---p 00107000 08:11 4734694                    /lib/x86_64-linux-gnu/libm-2.21.so
7f558ef03000-7f558ef04000 r--p 00106000 08:11 4734694                    /lib/x86_64-linux-gnu/libm-2.21.so
7f558ef04000-7f558ef05000 rw-p 00107000 08:11 4734694                    /lib/x86_64-linux-gnu/libm-2.21.so
7f558ef05000-7f558fbc4000 r-xp 00000000 08:11 1197649                    /usr/lib/jvm/java-8-oracle/jre/lib/amd64/server/libjvm.so
7f558fbc4000-7f558fdc3000 ---p 00cbf000 08:11 1197649                    /usr/lib/jvm/java-8-oracle/jre/lib/amd64/server/libjvm.so
7f558fdc3000-7f558fe9c000 rw-p 00cbe000 08:11 1197649                    /usr/lib/jvm/java-8-oracle/jre/lib/amd64/server/libjvm.so
7f558fe9c000-7f558fee5000 rw-p 00000000 00:00 0 
7f558fee5000-7f55900a5000 r-xp 00000000 08:11 4734695                    /lib/x86_64-linux-gnu/libc-2.21.so
7f55900a5000-7f55902a5000 ---p 001c0000 08:11 4734695                    /lib/x86_64-linux-gnu/libc-2.21.so
7f55902a5000-7f55902a9000 r--p 001c0000 08:11 4734695                    /lib/x86_64-linux-gnu/libc-2.21.so
7f55902a9000-7f55902ab000 rw-p 001c4000 08:11 4734695                    /lib/x86_64-linux-gnu/libc-2.21.so
7f55902ab000-7f55902af000 rw-p 00000000 00:00 0 
7f55902af000-7f55902b2000 r-xp 00000000 08:11 4734691                    /lib/x86_64-linux-gnu/libdl-2.21.so
7f55902b2000-7f55904b1000 ---p 00003000 08:11 4734691                    /lib/x86_64-linux-gnu/libdl-2.21.so
7f55904b1000-7f55904b2000 r--p 00002000 08:11 4734691                    /lib/x86_64-linux-gnu/libdl-2.21.so
7f55904b2000-7f55904b3000 rw-p 00003000 08:11 4734691                    /lib/x86_64-linux-gnu/libdl-2.21.so
7f55904b3000-7f55904c8000 r-xp 00000000 08:11 1196432                    /usr/lib/jvm/java-8-oracle/lib/amd64/jli/libjli.so
7f55904c8000-7f55906c8000 ---p 00015000 08:11 1196432                    /usr/lib/jvm/java-8-oracle/lib/amd64/jli/libjli.so
7f55906c8000-7f55906c9000 rw-p 00015000 08:11 1196432                    /usr/lib/jvm/java-8-oracle/lib/amd64/jli/libjli.so
7f55906c9000-7f55906e1000 r-xp 00000000 08:11 4731751                    /lib/x86_64-linux-gnu/libpthread-2.21.so
7f55906e1000-7f55908e1000 ---p 00018000 08:11 4731751                    /lib/x86_64-linux-gnu/libpthread-2.21.so
7f55908e1000-7f55908e2000 r--p 00018000 08:11 4731751                    /lib/x86_64-linux-gnu/libpthread-2.21.so
7f55908e2000-7f55908e3000 rw-p 00019000 08:11 4731751                    /lib/x86_64-linux-gnu/libpthread-2.21.so
7f55908e3000-7f55908e7000 rw-p 00000000 00:00 0 
7f55908e7000-7f559090b000 r-xp 00000000 08:11 4734689                    /lib/x86_64-linux-gnu/ld-2.21.so
7f559090b000-7f559090c000 rw-p 00000000 00:00 0 
7f559090c000-7f5590913000 r--s 00000000 08:11 1447276                    /usr/lib/x86_64-linux-gnu/gconv/gconv-modules.cache
7f5590913000-7f55909e5000 rw-p 00000000 00:00 0 
7f55909e5000-7f55909e8000 ---p 00000000 00:00 0 
7f55909e8000-7f5590afe000 rw-p 00000000 00:00 0                          [stack:1991]
7f5590afe000-7f5590b06000 rw-s 00000000 08:11 4599412                    /tmp/hsperfdata_dima/1986
7f5590b06000-7f5590b07000 rw-p 00000000 00:00 0 
7f5590b07000-7f5590b08000 ---p 00000000 00:00 0 
7f5590b08000-7f5590b0a000 rw-p 00000000 00:00 0 
7f5590b0a000-7f5590b0b000 r--p 00023000 08:11 4734689                    /lib/x86_64-linux-gnu/ld-2.21.so
7f5590b0b000-7f5590b0c000 rw-p 00024000 08:11 4734689                    /lib/x86_64-linux-gnu/ld-2.21.so
7f5590b0c000-7f5590b0d000 rw-p 00000000 00:00 0 
7ffc711f2000-7ffc71214000 rw-p 00000000 00:00 0                          [stack]
7ffc712c2000-7ffc712c4000 r--p 00000000 00:00 0                          [vvar]
7ffc712c4000-7ffc712c6000 r-xp 00000000 00:00 0                          [vdso]
ffffffffff600000-ffffffffff601000 r-xp 00000000 00:00 0                  [vsyscall]

VM Arguments:
jvm_args: -Djava.awt.headless=true -Xmx1024M -Dfile.encoding=UTF-8 -Duser.country=RU -Duser.language=ru -Duser.variant 
java_command: com.android.dx.command.Main --dex --num-threads=4 --multi-dex --main-dex-list /home/dima/AndroidStudioProjects/Wehere/app/build/intermediates/multi-dex/debug/maindexlist.txt --output /home/dima/AndroidStudioProjects/Wehere/app/build/intermediates/transforms/dex/debug/folders/1000/1f/main /home/dima/AndroidStudioProjects/Wehere/app/build/intermediates/transforms/jarMerging/debug/jars/1/1f/combined.jar
java_class_path (initial): /home/dima/Android/Sdk/build-tools/23.0.2/lib/dx.jar
Launcher Type: SUN_STANDARD

Environment Variables:
JAVA_HOME=/usr/lib/jvm/java-8-oracle
PATH=/usr/local/sbin:/usr/local/bin:/usr/sbin:/usr/bin:/sbin:/bin:/usr/games:/usr/local/games:/usr/lib/jvm/java-8-oracle/bin:/usr/lib/jvm/java-8-oracle/db/bin:/usr/lib/jvm/java-8-oracle/jre/bin
LD_LIBRARY_PATH=/home/dima/Видео/android-studio/bin:
SHELL=/bin/bash
DISPLAY=:0

Signal Handlers:
SIGSEGV: [libjvm.so+0xabb070], sa_mask[0]=11111111011111111101111111111110, sa_flags=SA_RESTART|SA_SIGINFO
SIGBUS: [libjvm.so+0xabb070], sa_mask[0]=11111111011111111101111111111110, sa_flags=SA_RESTART|SA_SIGINFO
SIGFPE: [libjvm.so+0x918480], sa_mask[0]=11111111011111111101111111111110, sa_flags=SA_RESTART|SA_SIGINFO
SIGPIPE: [libjvm.so+0x918480], sa_mask[0]=11111111011111111101111111111110, sa_flags=SA_RESTART|SA_SIGINFO
SIGXFSZ: [libjvm.so+0x918480], sa_mask[0]=11111111011111111101111111111110, sa_flags=SA_RESTART|SA_SIGINFO
SIGILL: [libjvm.so+0x918480], sa_mask[0]=11111111011111111101111111111110, sa_flags=SA_RESTART|SA_SIGINFO
SIGUSR1: SIG_DFL, sa_mask[0]=00000000000000000000000000000000, sa_flags=none
SIGUSR2: [libjvm.so+0x919ab0], sa_mask[0]=00100000000000000000000000000000, sa_flags=SA_RESTART|SA_SIGINFO
SIGHUP: [libjvm.so+0x91aeb0], sa_mask[0]=11111111011111111101111111111110, sa_flags=SA_RESTART|SA_SIGINFO
SIGINT: [libjvm.so+0x91aeb0], sa_mask[0]=11111111011111111101111111111110, sa_flags=SA_RESTART|SA_SIGINFO
SIGTERM: [libjvm.so+0x91aeb0], sa_mask[0]=11111111011111111101111111111110, sa_flags=SA_RESTART|SA_SIGINFO
SIGQUIT: [libjvm.so+0x91aeb0], sa_mask[0]=11111111011111111101111111111110, sa_flags=SA_RESTART|SA_SIGINFO


---------------  S Y S T E M  ---------------

OS:DISTRIB_ID=Ubuntu
DISTRIB_RELEASE=15.10
DISTRIB_CODENAME=wily
DISTRIB_DESCRIPTION="Ubuntu 15.10"

uname:Linux 4.2.0-30-generic #36-Ubuntu SMP Fri Feb 26 00:58:07 UTC 2016 x86_64
libc:glibc 2.21 NPTL 2.21 
rlimit: STACK 8192k, CORE 0k, NPROC 59855, NOFILE 65536, AS infinity
load average:4,39 2,93 2,35

/proc/meminfo:
MemTotal:       15357648 kB
MemFree:           90180 kB
MemAvailable:     138592 kB
Buffers:            1060 kB
Cached:          5381040 kB
SwapCached:            0 kB
Active:          8563964 kB
Inactive:        5246560 kB
Active(anon):    8546736 kB
Inactive(anon):  5232084 kB
Active(file):      17228 kB
Inactive(file):    14476 kB
Unevictable:           0 kB
Mlocked:               0 kB
SwapTotal:             0 kB
SwapFree:              0 kB
Dirty:                72 kB
Writeback:             0 kB
AnonPages:       8428644 kB
Mapped:          4523764 kB
Shmem:           5350176 kB
Slab:             164344 kB
SReclaimable:      71592 kB
SUnreclaim:        92752 kB
KernelStack:       19440 kB
PageTables:       108456 kB
NFS_Unstable:          0 kB
Bounce:                0 kB
WritebackTmp:          0 kB
CommitLimit:     7678824 kB
Committed_AS:   23984272 kB
VmallocTotal:   34359738367 kB
VmallocUsed:      371684 kB
VmallocChunk:   34358947836 kB
HardwareCorrupted:     0 kB
AnonHugePages:   5085184 kB
CmaTotal:              0 kB
CmaFree:               0 kB
HugePages_Total:       0
HugePages_Free:        0
HugePages_Rsvd:        0
HugePages_Surp:        0
Hugepagesize:       2048 kB
DirectMap4k:      321788 kB
DirectMap2M:    15364096 kB


CPU:total 8 (4 cores per cpu, 2 threads per core) family 6 model 58 stepping 9, cmov, cx8, fxsr, mmx, sse, sse2, sse3, ssse3, sse4.1, sse4.2, popcnt, avx, aes, clmul, erms, ht, tsc, tscinvbit, tscinv

/proc/cpuinfo:
processor	: 0
vendor_id	: GenuineIntel
cpu family	: 6
model		: 58
model name	: Intel(R) Core(TM) i7-3770K CPU @ 3.50GHz
stepping	: 9
microcode	: 0x1b
cpu MHz		: 3705.078
cache size	: 8192 KB
physical id	: 0
siblings	: 8
core id		: 0
cpu cores	: 4
apicid		: 0
initial apicid	: 0
fpu		: yes
fpu_exception	: yes
cpuid level	: 13
wp		: yes
flags		: fpu vme de pse tsc msr pae mce cx8 apic sep mtrr pge mca cmov pat pse36 clflush dts acpi mmx fxsr sse sse2 ss ht tm pbe syscall nx rdtscp lm constant_tsc arch_perfmon pebs bts rep_good nopl xtopology nonstop_tsc aperfmperf eagerfpu pni pclmulqdq dtes64 monitor ds_cpl vmx est tm2 ssse3 cx16 xtpr pdcm pcid sse4_1 sse4_2 popcnt tsc_deadline_timer aes xsave avx f16c rdrand lahf_lm ida arat epb pln pts dtherm tpr_shadow vnmi flexpriority ept vpid fsgsbase smep erms xsaveopt
bugs		:
bogomips	: 7061.96
clflush size	: 64
cache_alignment	: 64
address sizes	: 36 bits physical, 48 bits virtual
power management:

processor	: 1
vendor_id	: GenuineIntel
cpu family	: 6
model		: 58
model name	: Intel(R) Core(TM) i7-3770K CPU @ 3.50GHz
stepping	: 9
microcode	: 0x1b
cpu MHz		: 3546.347
cache size	: 8192 KB
physical id	: 0
siblings	: 8
core id		: 1
cpu cores	: 4
apicid		: 2
initial apicid	: 2
fpu		: yes
fpu_exception	: yes
cpuid level	: 13
wp		: yes
flags		: fpu vme de pse tsc msr pae mce cx8 apic sep mtrr pge mca cmov pat pse36 clflush dts acpi mmx fxsr sse sse2 ss ht tm pbe syscall nx rdtscp lm constant_tsc arch_perfmon pebs bts rep_good nopl xtopology nonstop_tsc aperfmperf eagerfpu pni pclmulqdq dtes64 monitor ds_cpl vmx est tm2 ssse3 cx16 xtpr pdcm pcid sse4_1 sse4_2 popcnt tsc_deadline_timer aes xsave avx f16c rdrand lahf_lm ida arat epb pln pts dtherm tpr_shadow vnmi flexpriority ept vpid fsgsbase smep erms xsaveopt
bugs		:
bogomips	: 7061.96
clflush size	: 64
cache_alignment	: 64
address sizes	: 36 bits physical, 48 bits virtual
power management:

processor	: 2
vendor_id	: GenuineIntel
cpu family	: 6
model		: 58
model name	: Intel(R) Core(TM) i7-3770K CPU @ 3.50GHz
stepping	: 9
microcode	: 0x1b
cpu MHz		: 3557.968
cache size	: 8192 KB
physical id	: 0
siblings	: 8
core id		: 2
cpu cores	: 4
apicid		: 4
initial apicid	: 4
fpu		: yes
fpu_exception	: yes
cpuid level	: 13
wp		: yes
flags		: fpu vme de pse tsc msr pae mce cx8 apic sep mtrr pge mca cmov pat pse36 clflush dts acpi mmx fxsr sse sse2 ss ht tm pbe syscall nx rdtscp lm constant_tsc arch_perfmon pebs bts rep_good nopl xtopology nonstop_tsc aperfmperf eagerfpu pni pclmulqdq dtes64 monitor ds_cpl vmx est tm2 ssse3 cx16 xtpr pdcm pcid sse4_1 sse4_2 popcnt tsc_deadline_timer aes xsave avx f16c rdrand lahf_lm ida arat epb pln pts dtherm tpr_shadow vnmi flexpriority ept vpid fsgsbase smep erms xsaveopt
bugs		:
bogomips	: 7061.96
clflush size	: 64
cache_alignment	: 64
address sizes	: 36 bits physical, 48 bits virtual
power management:

processor	: 3
vendor_id	: GenuineIntel
cpu family	: 6
model		: 58
model name	: Intel(R) Core(TM) i7-3770K CPU @ 3.50GHz
stepping	: 9
microcode	: 0x1b
cpu MHz		: 3631.250
cache size	: 8192 KB
physical id	: 0
siblings	: 8
core id		: 3
cpu cores	: 4
apicid		: 6
initial apicid	: 6
fpu		: yes
fpu_exception	: yes
cpuid level	: 13
wp		: yes
flags		: fpu vme de pse tsc msr pae mce cx8 apic sep mtrr pge mca cmov pat pse36 clflush dts acpi mmx fxsr sse sse2 ss ht tm pbe syscall nx rdtscp lm constant_tsc arch_perfmon pebs bts rep_good nopl xtopology nonstop_tsc aperfmperf eagerfpu pni pclmulqdq dtes64 monitor ds_cpl vmx est tm2 ssse3 cx16 xtpr pdcm pcid sse4_1 sse4_2 popcnt tsc_deadline_timer aes xsave avx f16c rdrand lahf_lm ida arat epb pln pts dtherm tpr_shadow vnmi flexpriority ept vpid fsgsbase smep erms xsaveopt
bugs		:
bogomips	: 7061.96
clflush size	: 64
cache_alignment	: 64
address sizes	: 36 bits physical, 48 bits virtual
power management:

processor	: 4
vendor_id	: GenuineIntel
cpu family	: 6
model		: 58
model name	: Intel(R) Core(TM) i7-3770K CPU @ 3.50GHz
stepping	: 9
microcode	: 0x1b
cpu MHz		: 3710.683
cache size	: 8192 KB
physical id	: 0
siblings	: 8
core id		: 0
cpu cores	: 4
apicid		: 1
initial apicid	: 1
fpu		: yes
fpu_exception	: yes
cpuid level	: 13
wp		: yes
flags		: fpu vme de pse tsc msr pae mce cx8 apic sep mtrr pge mca cmov pat pse36 clflush dts acpi mmx fxsr sse sse2 ss ht tm pbe syscall nx rdtscp lm constant_tsc arch_perfmon pebs bts rep_good nopl xtopology nonstop_tsc aperfmperf eagerfpu pni pclmulqdq dtes64 monitor ds_cpl vmx est tm2 ssse3 cx16 xtpr pdcm pcid sse4_1 sse4_2 popcnt tsc_deadline_timer aes xsave avx f16c rdrand lahf_lm ida arat epb pln pts dtherm tpr_shadow vnmi flexpriority ept vpid fsgsbase smep erms xsaveopt
bugs		:
bogomips	: 7061.96
clflush size	: 64
cache_alignment	: 64
address sizes	: 36 bits physical, 48 bits virtual
power management:

processor	: 5
vendor_id	: GenuineIntel
cpu family	: 6
model		: 58
model name	: Intel(R) Core(TM) i7-3770K CPU @ 3.50GHz
stepping	: 9
microcode	: 0x1b
cpu MHz		: 3787.519
cache size	: 8192 KB
physical id	: 0
siblings	: 8
core id		: 1
cpu cores	: 4
apicid		: 3
initial apicid	: 3
fpu		: yes
fpu_exception	: yes
cpuid level	: 13
wp		: yes
flags		: fpu vme de pse tsc msr pae mce cx8 apic sep mtrr pge mca cmov pat pse36 clflush dts acpi mmx fxsr sse sse2 ss ht tm pbe syscall nx rdtscp lm constant_tsc arch_perfmon pebs bts rep_good nopl xtopology nonstop_tsc aperfmperf eagerfpu pni pclmulqdq dtes64 monitor ds_cpl vmx est tm2 ssse3 cx16 xtpr pdcm pcid sse4_1 sse4_2 popcnt tsc_deadline_timer aes xsave avx f16c rdrand lahf_lm ida arat epb pln pts dtherm tpr_shadow vnmi flexpriority ept vpid fsgsbase smep erms xsaveopt
bugs		:
bogomips	: 7061.96
clflush size	: 64
cache_alignment	: 64
address sizes	: 36 bits physical, 48 bits virtual
power management:

processor	: 6
vendor_id	: GenuineIntel
cpu family	: 6
model		: 58
model name	: Intel(R) Core(TM) i7-3770K CPU @ 3.50GHz
stepping	: 9
microcode	: 0x1b
cpu MHz		: 3690.175
cache size	: 8192 KB
physical id	: 0
siblings	: 8
core id		: 2
cpu cores	: 4
apicid		: 5
initial apicid	: 5
fpu		: yes
fpu_exception	: yes
cpuid level	: 13
wp		: yes
flags		: fpu vme de pse tsc msr pae mce cx8 apic sep mtrr pge mca cmov pat pse36 clflush dts acpi mmx fxsr sse sse2 ss ht tm pbe syscall nx rdtscp lm constant_tsc arch_perfmon pebs bts rep_good nopl xtopology nonstop_tsc aperfmperf eagerfpu pni pclmulqdq dtes64 monitor ds_cpl vmx est tm2 ssse3 cx16 xtpr pdcm pcid sse4_1 sse4_2 popcnt tsc_deadline_timer aes xsave avx f16c rdrand lahf_lm ida arat epb pln pts dtherm tpr_shadow vnmi flexpriority ept vpid fsgsbase smep erms xsaveopt
bugs		:
bogomips	: 7061.96
clflush size	: 64
cache_alignment	: 64
address sizes	: 36 bits physical, 48 bits virtual
power management:

processor	: 7
vendor_id	: GenuineIntel
cpu family	: 6
model		: 58
model name	: Intel(R) Core(TM) i7-3770K CPU @ 3.50GHz
stepping	: 9
microcode	: 0x1b
cpu MHz		: 3728.046
cache size	: 8192 KB
physical id	: 0
siblings	: 8
core id		: 3
cpu cores	: 4
apicid		: 7
initial apicid	: 7
fpu		: yes
fpu_exception	: yes
cpuid level	: 13
wp		: yes
flags		: fpu vme de pse tsc msr pae mce cx8 apic sep mtrr pge mca cmov pat pse36 clflush dts acpi mmx fxsr sse sse2 ss ht tm pbe syscall nx rdtscp lm constant_tsc arch_perfmon pebs bts rep_good nopl xtopology nonstop_tsc aperfmperf eagerfpu pni pclmulqdq dtes64 monitor ds_cpl vmx est tm2 ssse3 cx16 xtpr pdcm pcid sse4_1 sse4_2 popcnt tsc_deadline_timer aes xsave avx f16c rdrand lahf_lm ida arat epb pln pts dtherm tpr_shadow vnmi flexpriority ept vpid fsgsbase smep erms xsaveopt
bugs		:
bogomips	: 7061.96
clflush size	: 64
cache_alignment	: 64
address sizes	: 36 bits physical, 48 bits virtual
power management:



Memory: 4k page, physical 15357648k(90056k free), swap 0k(0k free)

vm_info: Java HotSpot(TM) 64-Bit Server VM (25.74-b02) for linux-amd64 JRE (1.8.0_74-b02), built on Jan 29 2016 19:20:56 by "java_re" with gcc 4.3.0 20080428 (Red Hat 4.3.0-8)

time: Sun Mar  6 00:26:02 2016
elapsed time: 13 seconds (0d 0h 0m 13s)

